Unity Editor version:    2022.3.8f1 (b5eafc012955)
Branch:                  2022.3/staging
Build type:              Release
Batch mode:              YES
macOS version:           Version 14.0 (Build 23A344)
Darwin version:          23.0.0
Architecture:            arm64
Running under Rosetta:   NO
Available memory:        8192 MB
Using pre-set license
Pro License: YES

COMMAND LINE ARGUMENTS:
/Applications/Unity/Hub/Editor/2022.3.8f1/Unity.app/Contents/MacOS/Unity
-adb2
-batchMode
-noUpm
-name
AssetImportWorker1
-projectPath
/Users/kwon-yechan/Documents/GitHub/AR_Interactive_Fairytales/AR_Interactive_Fairytales
-logFile
Logs/AssetImportWorker1.log
-srvPort
49828
Successfully changed project path to: /Users/kwon-yechan/Documents/GitHub/AR_Interactive_Fairytales/AR_Interactive_Fairytales
/Users/kwon-yechan/Documents/GitHub/AR_Interactive_Fairytales/AR_Interactive_Fairytales
[UnityMemory] Configuration Parameters - Can be set up in boot.config
    "memorysetup-bucket-allocator-granularity=16"
    "memorysetup-bucket-allocator-bucket-count=8"
    "memorysetup-bucket-allocator-block-size=33554432"
    "memorysetup-bucket-allocator-block-count=8"
    "memorysetup-main-allocator-block-size=16777216"
    "memorysetup-thread-allocator-block-size=16777216"
    "memorysetup-gfx-main-allocator-block-size=16777216"
    "memorysetup-gfx-thread-allocator-block-size=16777216"
    "memorysetup-cache-allocator-block-size=4194304"
    "memorysetup-typetree-allocator-block-size=2097152"
    "memorysetup-profiler-bucket-allocator-granularity=16"
    "memorysetup-profiler-bucket-allocator-bucket-count=8"
    "memorysetup-profiler-bucket-allocator-block-size=33554432"
    "memorysetup-profiler-bucket-allocator-block-count=8"
    "memorysetup-profiler-allocator-block-size=16777216"
    "memorysetup-profiler-editor-allocator-block-size=1048576"
    "memorysetup-temp-allocator-size-main=16777216"
    "memorysetup-job-temp-allocator-block-size=2097152"
    "memorysetup-job-temp-allocator-block-size-background=1048576"
    "memorysetup-job-temp-allocator-reduction-small-platforms=262144"
    "memorysetup-allocator-temp-initial-block-size-main=262144"
    "memorysetup-allocator-temp-initial-block-size-worker=262144"
    "memorysetup-temp-allocator-size-background-worker=32768"
    "memorysetup-temp-allocator-size-job-worker=262144"
    "memorysetup-temp-allocator-size-preload-manager=33554432"
    "memorysetup-temp-allocator-size-nav-mesh-worker=65536"
    "memorysetup-temp-allocator-size-audio-worker=65536"
    "memorysetup-temp-allocator-size-cloud-worker=32768"
    "memorysetup-temp-allocator-size-gi-baking-worker=262144"
    "memorysetup-temp-allocator-size-gfx=262144"
Player connection [8179421952] Host "[IP] 172.19.89.136 [Port] 0 [Flags] 2 [Guid] 1665982397 [EditorId] 1665982397 [Version] 1048832 [Id] OSXEditor(0,MacBook-Air-2.local) [Debug] 1 [PackageName] OSXEditor [ProjectName] Editor" joined multi-casting on [225.0.0.222:54997]...

Player connection [8179421952] Host "[IP] 172.19.89.136 [Port] 0 [Flags] 2 [Guid] 1665982397 [EditorId] 1665982397 [Version] 1048832 [Id] OSXEditor(0,MacBook-Air-2.local) [Debug] 1 [PackageName] OSXEditor [ProjectName] Editor" joined alternative multi-casting on [225.0.0.222:34997]...

[Physics::Module] Initialized MultithreadedJobDispatcher with 7 workers.
Refreshing native plugins compatible for Editor in 12.79 ms, found 3 plugins.
Preloading 0 native plugins for Editor in 0.00 ms.
Initialize engine version: 2022.3.8f1 (b5eafc012955)
[Subsystems] Discovering subsystems at path /Applications/Unity/Hub/Editor/2022.3.8f1/Unity.app/Contents/Resources/UnitySubsystems
[Subsystems] Discovering subsystems at path /Users/kwon-yechan/Documents/GitHub/AR_Interactive_Fairytales/AR_Interactive_Fairytales/Assets
GfxDevice: creating device client; threaded=0; jobified=0
 preferred device: Apple M1 (high power)
Metal devices available: 1
0: Apple M1 (high power)
Using device Apple M1 (high power)
Initializing Metal device caps: Apple M1
Initialize mono
Mono path[0] = '/Applications/Unity/Hub/Editor/2022.3.8f1/Unity.app/Contents/Managed'
Mono path[1] = '/Applications/Unity/Hub/Editor/2022.3.8f1/Unity.app/Contents/MonoBleedingEdge/lib/mono/unityjit-macos'
Mono config path = '/Applications/Unity/Hub/Editor/2022.3.8f1/Unity.app/Contents/MonoBleedingEdge/etc'
Using monoOptions --debugger-agent=transport=dt_socket,embedding=1,server=y,suspend=n,address=127.0.0.1:56343
Begin MonoManager ReloadAssembly
Registering precompiled unity dll's ...
Register platform support module: /Applications/Unity/Hub/Editor/2022.3.8f1/PlaybackEngines/WebGLSupport/UnityEditor.WebGL.Extensions.dll
Register platform support module: /Applications/Unity/Hub/Editor/2022.3.8f1/Unity.app/Contents/PlaybackEngines/MacStandaloneSupport/UnityEditor.OSXStandalone.Extensions.dll
Register platform support module: /Applications/Unity/Hub/Editor/2022.3.8f1/PlaybackEngines/AndroidPlayer/UnityEditor.Android.Extensions.dll
Registered in 0.003924 seconds.
- Loaded All Assemblies, in  0.324 seconds
Native extension for Android target not found
Android Extension - Scanning For ADB Devices 156 ms
Native extension for OSXStandalone target not found
Native extension for WebGL target not found
Mono: successfully reloaded assembly
- Finished resetting the current domain, in  0.380 seconds
Domain Reload Profiling: 705ms
	BeginReloadAssembly (127ms)
		ExecutionOrderSort (0ms)
		DisableScriptedObjects (0ms)
		BackupInstance (0ms)
		ReleaseScriptingObjects (0ms)
		CreateAndSetChildDomain (1ms)
	RebuildCommonClasses (29ms)
	RebuildNativeTypeToScriptingClass (9ms)
	initialDomainReloadingComplete (38ms)
	LoadAllAssembliesAndSetupDomain (122ms)
		LoadAssemblies (128ms)
		RebuildTransferFunctionScriptingTraits (0ms)
		AnalyzeDomain (118ms)
			TypeCache.Refresh (116ms)
				TypeCache.ScanAssembly (103ms)
			ScanForSourceGeneratedMonoScriptInfo (0ms)
			ResolveRequiredComponents (1ms)
	FinalizeReload (380ms)
		ReleaseScriptCaches (0ms)
		RebuildScriptCaches (0ms)
		SetupLoadedEditorAssemblies (336ms)
			LogAssemblyErrors (0ms)
			InitializePlatformSupportModulesInManaged (239ms)
			SetLoadedEditorAssemblies (3ms)
			RefreshPlugins (0ms)
			BeforeProcessingInitializeOnLoad (1ms)
			ProcessInitializeOnLoadAttributes (62ms)
			ProcessInitializeOnLoadMethodAttributes (31ms)
			AfterProcessingInitializeOnLoad (0ms)
			EditorAssembliesLoaded (0ms)
		ExecutionOrderSort2 (0ms)
		AwakeInstancesAfterBackupRestoration (0ms)
========================================================================
Worker process is ready to serve import requests
Begin MonoManager ReloadAssembly
- Loaded All Assemblies, in  0.532 seconds
Refreshing native plugins compatible for Editor in 6.96 ms, found 3 plugins.
Native extension for Android target not found
Native extension for OSXStandalone target not found
Native extension for WebGL target not found
Package Manager log level set to [2]
[Package Manager] Server::EnsureServerProcessIsRunning -- launch failed, reason: Unity was launched with the -noUpm command-line argument
[Package Manager] UpmClient::Send -- Unable to send message (not connected to UPM process).
[Package Manager] Cannot connect to Unity Package Manager local server
[Package Manager] Server::EnsureServerProcessIsRunning -- launch failed, reason: Unity was launched with the -noUpm command-line argument
[Package Manager] UpmClient::Send -- Unable to send message (not connected to UPM process).
[Package Manager] Cannot connect to Unity Package Manager local server
Mono: successfully reloaded assembly
[Package Manager] Server::EnsureServerProcessIsRunning -- launch failed, reason: Unity was launched with the -noUpm command-line argument
[Package Manager] UpmClient::Send -- Unable to send message (not connected to UPM process).
[Package Manager] Cannot connect to Unity Package Manager local server
[Package Manager] Server::EnsureServerProcessIsRunning -- launch failed, reason: Unity was launched with the -noUpm command-line argument
[Package Manager] UpmClient::Send -- Unable to send message (not connected to UPM process).
[Package Manager] Cannot connect to Unity Package Manager local server
- Finished resetting the current domain, in  0.489 seconds
Domain Reload Profiling: 1023ms
	BeginReloadAssembly (88ms)
		ExecutionOrderSort (0ms)
		DisableScriptedObjects (3ms)
		BackupInstance (0ms)
		ReleaseScriptingObjects (0ms)
		CreateAndSetChildDomain (23ms)
	RebuildCommonClasses (25ms)
	RebuildNativeTypeToScriptingClass (9ms)
	initialDomainReloadingComplete (25ms)
	LoadAllAssembliesAndSetupDomain (386ms)
		LoadAssemblies (233ms)
		RebuildTransferFunctionScriptingTraits (0ms)
		AnalyzeDomain (189ms)
			TypeCache.Refresh (170ms)
				TypeCache.ScanAssembly (143ms)
			ScanForSourceGeneratedMonoScriptInfo (13ms)
			ResolveRequiredComponents (5ms)
	FinalizeReload (490ms)
		ReleaseScriptCaches (0ms)
		RebuildScriptCaches (0ms)
		SetupLoadedEditorAssemblies (363ms)
			LogAssemblyErrors (0ms)
			InitializePlatformSupportModulesInManaged (15ms)
			SetLoadedEditorAssemblies (3ms)
			RefreshPlugins (0ms)
			BeforeProcessingInitializeOnLoad (46ms)
			ProcessInitializeOnLoadAttributes (268ms)
			ProcessInitializeOnLoadMethodAttributes (30ms)
			AfterProcessingInitializeOnLoad (1ms)
			EditorAssembliesLoaded (0ms)
		ExecutionOrderSort2 (0ms)
		AwakeInstancesAfterBackupRestoration (3ms)
Launching external process: /Applications/Unity/Hub/Editor/2022.3.8f1/Unity.app/Contents/Tools/UnityShaderCompiler
Launched and connected shader compiler UnityShaderCompiler after 0.09 seconds
Refreshing native plugins compatible for Editor in 1.29 ms, found 3 plugins.
Preloading 0 native plugins for Editor in 0.00 ms.
Unloading 4229 Unused Serialized files (Serialized files now loaded: 0)
Unloading 55 unused Assets / (1.5 MB). Loaded Objects now: 4688.
Memory consumption went from 160.5 MB to 159.0 MB.
Total: 4.270959 ms (FindLiveObjects: 0.151125 ms CreateObjectMapping: 0.057167 ms MarkObjects: 3.532125 ms  DeleteObjects: 0.529875 ms)

AssetImportParameters requested are different than current active one (requested -> active):
  custom:container-demuxer-ogg: 62fdf1f143b41e24485cea50d1cbac27 -> 
  custom:video-decoder-ogg-theora: a1e56fd34408186e4bbccfd4996cb3dc -> 
  custom:CustomObjectIndexerAttribute: 756ad292c208cfabdd7b50bc23989ffe -> 
  custom:container-demuxer-webm: 4f35f7cbe854078d1ac9338744f61a02 -> 
  custom:container-muxer-webm: aa71ff27fc2769a1b78a27578f13a17b -> 
  custom:video-decoder-webm-vp8: 9c59270c3fd7afecdb556c50c9e8de78 -> 
  custom:SearchIndexIgnoredProperties: e643bd26f0fe6173181afceb89e7c659 -> 
  custom:AudioImporter_EditorPlatform: 3918e3fc78b5a79bad01e8451be0beb8 -> 
  custom:framework-osx-AVFoundation: e770b220cccbd017edd2c1fefb359320 -> 
  custom:video-encoder-webm-vp8: eb34c28f22e8b96e1ab97ce403110664 -> 
  custom:audio-decoder-ogg-vorbis: bf7c407c2cedff20999df2af8eb42d56 -> 
  custom:audio-encoder-webm-vorbis: bf7c407c2cedff20999df2af8eb42d56 -> 
========================================================================
Received Import Request.
  Time since last request: 461228.602545 seconds.
  path: Assets/kenney_graveyard-kit/Sample.png
  artifactKey: Guid(f9bbb41d9d7ba45139d6271dcd0cad94) Importer(815301076,1909f56bfc062723c751e8b465ee728b)
Start importing Assets/kenney_graveyard-kit/Sample.png using Guid(f9bbb41d9d7ba45139d6271dcd0cad94) Importer(815301076,1909f56bfc062723c751e8b465ee728b)  -> (artifact id: 'f921b36f50ee84975693c2e437f27144') in 0.051535 seconds
Number of updated asset objects reloaded before import = 0
Number of asset objects unloaded after import = 2
========================================================================
Received Import Request.
  Time since last request: 0.199711 seconds.
  path: Assets/kenney_graveyard-kit/Models/FBX format
  artifactKey: Guid(dc9ad2ea9aabf4706a16848c3bac3bf6) Importer(815301076,1909f56bfc062723c751e8b465ee728b)
Start importing Assets/kenney_graveyard-kit/Models/FBX format using Guid(dc9ad2ea9aabf4706a16848c3bac3bf6) Importer(815301076,1909f56bfc062723c751e8b465ee728b)  -> (artifact id: 'e7c946b8d0d6731e4fdbc32f13bc7f66') in 0.000279 seconds
Number of updated asset objects reloaded before import = 0
Number of asset objects unloaded after import = 0
========================================================================
Received Import Request.
  Time since last request: 0.982385 seconds.
  path: Assets/kenney_graveyard-kit/Models/FBX format/altar-wood.fbx
  artifactKey: Guid(1b03e64483e934fed9d0cb8c7200b398) Importer(815301076,1909f56bfc062723c751e8b465ee728b)
Start importing Assets/kenney_graveyard-kit/Models/FBX format/altar-wood.fbx using Guid(1b03e64483e934fed9d0cb8c7200b398) Importer(815301076,1909f56bfc062723c751e8b465ee728b)  -> (artifact id: 'b6eb3c9321617192db6fbc3f7b06ee2e') in 0.289767 seconds
Number of updated asset objects reloaded before import = 0
Number of asset objects unloaded after import = 9
========================================================================
Received Import Request.
  Time since last request: 0.000070 seconds.
  path: Assets/kenney_graveyard-kit/Models/FBX format/candle-multiple.fbx
  artifactKey: Guid(5d6e013601d9a407bb879f09c04d3c42) Importer(815301076,1909f56bfc062723c751e8b465ee728b)
Start importing Assets/kenney_graveyard-kit/Models/FBX format/candle-multiple.fbx using Guid(5d6e013601d9a407bb879f09c04d3c42) Importer(815301076,1909f56bfc062723c751e8b465ee728b)  -> (artifact id: 'cf42700e27b25c8d201e6dba64eda1e6') in 0.012341 seconds
Number of updated asset objects reloaded before import = 0
Number of asset objects unloaded after import = 9
========================================================================
Received Import Request.
  Time since last request: 0.000107 seconds.
  path: Assets/kenney_graveyard-kit/Models/FBX format/character-digger.fbx
  artifactKey: Guid(128b52079633646c7a66d699c49ff72a) Importer(815301076,1909f56bfc062723c751e8b465ee728b)
Start importing Assets/kenney_graveyard-kit/Models/FBX format/character-digger.fbx using Guid(128b52079633646c7a66d699c49ff72a) Importer(815301076,1909f56bfc062723c751e8b465ee728b)  -> (artifact id: 'ac4a157f7dfe636beb0bb5d7bf7ef81b') in 0.037389 seconds
Number of updated asset objects reloaded before import = 0
Number of asset objects unloaded after import = 63
========================================================================
Received Import Request.
  Time since last request: 0.000045 seconds.
  path: Assets/kenney_graveyard-kit/Models/FBX format/brick-wall.fbx
  artifactKey: Guid(3e196b90131dd4729a2421070c41db04) Importer(815301076,1909f56bfc062723c751e8b465ee728b)
Start importing Assets/kenney_graveyard-kit/Models/FBX format/brick-wall.fbx using Guid(3e196b90131dd4729a2421070c41db04) Importer(815301076,1909f56bfc062723c751e8b465ee728b)  -> (artifact id: '0229cc5999a722768b0ee6c19fcf159a') in 0.009828 seconds
Number of updated asset objects reloaded before import = 0
Number of asset objects unloaded after import = 9
========================================================================
Received Import Request.
  Time since last request: 67.158052 seconds.
  path: Assets/kenney_graveyard-kit/Models/FBX format/character-vampire.fbx
  artifactKey: Guid(c81461bfdea64491f9dc98b2a8b0122b) Importer(815301076,1909f56bfc062723c751e8b465ee728b)
Start importing Assets/kenney_graveyard-kit/Models/FBX format/character-vampire.fbx using Guid(c81461bfdea64491f9dc98b2a8b0122b) Importer(815301076,1909f56bfc062723c751e8b465ee728b)  -> (artifact id: 'baf32845c9016c392ec299bc2ba5e2bb') in 0.071823 seconds
Number of updated asset objects reloaded before import = 0
Number of asset objects unloaded after import = 68
========================================================================
Received Import Request.
  Time since last request: 0.843004 seconds.
  path: Assets/kenney_graveyard-kit/Models/FBX format/column-large.fbx
  artifactKey: Guid(1a7d97e1ede5544b1a69da68f96c13c3) Importer(815301076,1909f56bfc062723c751e8b465ee728b)
Start importing Assets/kenney_graveyard-kit/Models/FBX format/column-large.fbx using Guid(1a7d97e1ede5544b1a69da68f96c13c3) Importer(815301076,1909f56bfc062723c751e8b465ee728b)  -> (artifact id: '503130b2ee57fb1ff7bbc07e56be7559') in 0.018819 seconds
Number of updated asset objects reloaded before import = 0
Number of asset objects unloaded after import = 9
========================================================================
Received Import Request.
  Time since last request: 0.000243 seconds.
  path: Assets/kenney_graveyard-kit/Models/FBX format/cross-column.fbx
  artifactKey: Guid(25d91499c377b47b4b354841a922e510) Importer(815301076,1909f56bfc062723c751e8b465ee728b)
Start importing Assets/kenney_graveyard-kit/Models/FBX format/cross-column.fbx using Guid(25d91499c377b47b4b354841a922e510) Importer(815301076,1909f56bfc062723c751e8b465ee728b)  -> (artifact id: '0cc75475526c64ca878541150c77dbcf') in 0.013472 seconds
Number of updated asset objects reloaded before import = 0
Number of asset objects unloaded after import = 9
========================================================================
Received Import Request.
  Time since last request: 0.417359 seconds.
  path: Assets/kenney_graveyard-kit/Models/FBX format/crypt-door.fbx
  artifactKey: Guid(6fbb503ee8f1844ffa7108da2041d974) Importer(815301076,1909f56bfc062723c751e8b465ee728b)
Start importing Assets/kenney_graveyard-kit/Models/FBX format/crypt-door.fbx using Guid(6fbb503ee8f1844ffa7108da2041d974) Importer(815301076,1909f56bfc062723c751e8b465ee728b)  -> (artifact id: 'e13f082941858c5a33c8a6e6eaadd73e') in 0.020154 seconds
Number of updated asset objects reloaded before import = 0
Number of asset objects unloaded after import = 14
