Unity Editor version:    2022.3.8f1 (b5eafc012955)
Branch:                  2022.3/staging
Build type:              Release
Batch mode:              YES
macOS version:           Version 14.1.1 (Build 23B81)
Darwin version:          23.1.0
Architecture:            arm64
Running under Rosetta:   NO
Available memory:        8192 MB
Using pre-set license
Pro License: YES

COMMAND LINE ARGUMENTS:
/Applications/Unity/Hub/Editor/2022.3.8f1/Unity.app/Contents/MacOS/Unity
-adb2
-batchMode
-noUpm
-name
AssetImportWorker0
-projectPath
/Users/kwon-yechan/Documents/GitHub/AR_Interactive_Fairytales/AR_Interactive_Fairytales
-logFile
Logs/AssetImportWorker0.log
-srvPort
63276
Successfully changed project path to: /Users/kwon-yechan/Documents/GitHub/AR_Interactive_Fairytales/AR_Interactive_Fairytales
/Users/kwon-yechan/Documents/GitHub/AR_Interactive_Fairytales/AR_Interactive_Fairytales
[UnityMemory] Configuration Parameters - Can be set up in boot.config
    "memorysetup-bucket-allocator-granularity=16"
    "memorysetup-bucket-allocator-bucket-count=8"
    "memorysetup-bucket-allocator-block-size=33554432"
    "memorysetup-bucket-allocator-block-count=8"
    "memorysetup-main-allocator-block-size=16777216"
    "memorysetup-thread-allocator-block-size=16777216"
    "memorysetup-gfx-main-allocator-block-size=16777216"
    "memorysetup-gfx-thread-allocator-block-size=16777216"
    "memorysetup-cache-allocator-block-size=4194304"
    "memorysetup-typetree-allocator-block-size=2097152"
    "memorysetup-profiler-bucket-allocator-granularity=16"
    "memorysetup-profiler-bucket-allocator-bucket-count=8"
    "memorysetup-profiler-bucket-allocator-block-size=33554432"
    "memorysetup-profiler-bucket-allocator-block-count=8"
    "memorysetup-profiler-allocator-block-size=16777216"
    "memorysetup-profiler-editor-allocator-block-size=1048576"
    "memorysetup-temp-allocator-size-main=16777216"
    "memorysetup-job-temp-allocator-block-size=2097152"
    "memorysetup-job-temp-allocator-block-size-background=1048576"
    "memorysetup-job-temp-allocator-reduction-small-platforms=262144"
    "memorysetup-allocator-temp-initial-block-size-main=262144"
    "memorysetup-allocator-temp-initial-block-size-worker=262144"
    "memorysetup-temp-allocator-size-background-worker=32768"
    "memorysetup-temp-allocator-size-job-worker=262144"
    "memorysetup-temp-allocator-size-preload-manager=33554432"
    "memorysetup-temp-allocator-size-nav-mesh-worker=65536"
    "memorysetup-temp-allocator-size-audio-worker=65536"
    "memorysetup-temp-allocator-size-cloud-worker=32768"
    "memorysetup-temp-allocator-size-gi-baking-worker=262144"
    "memorysetup-temp-allocator-size-gfx=262144"
Player connection [8025087680] Host "[IP] 172.19.89.11 [Port] 0 [Flags] 2 [Guid] 12021236 [EditorId] 12021236 [Version] 1048832 [Id] OSXEditor(0,MacBook-Air-2.local) [Debug] 1 [PackageName] OSXEditor [ProjectName] Editor" joined multi-casting on [225.0.0.222:54997]...

Player connection [8025087680] Host "[IP] 172.19.89.11 [Port] 0 [Flags] 2 [Guid] 12021236 [EditorId] 12021236 [Version] 1048832 [Id] OSXEditor(0,MacBook-Air-2.local) [Debug] 1 [PackageName] OSXEditor [ProjectName] Editor" joined alternative multi-casting on [225.0.0.222:34997]...

[Physics::Module] Initialized MultithreadedJobDispatcher with 7 workers.
Refreshing native plugins compatible for Editor in 15.59 ms, found 3 plugins.
Preloading 0 native plugins for Editor in 0.00 ms.
Initialize engine version: 2022.3.8f1 (b5eafc012955)
[Subsystems] Discovering subsystems at path /Applications/Unity/Hub/Editor/2022.3.8f1/Unity.app/Contents/Resources/UnitySubsystems
[Subsystems] Discovering subsystems at path /Users/kwon-yechan/Documents/GitHub/AR_Interactive_Fairytales/AR_Interactive_Fairytales/Assets
GfxDevice: creating device client; threaded=0; jobified=0
 preferred device: Apple M1 (high power)
Metal devices available: 1
0: Apple M1 (high power)
Using device Apple M1 (high power)
Initializing Metal device caps: Apple M1
Initialize mono
Mono path[0] = '/Applications/Unity/Hub/Editor/2022.3.8f1/Unity.app/Contents/Managed'
Mono path[1] = '/Applications/Unity/Hub/Editor/2022.3.8f1/Unity.app/Contents/MonoBleedingEdge/lib/mono/unityjit-macos'
Mono config path = '/Applications/Unity/Hub/Editor/2022.3.8f1/Unity.app/Contents/MonoBleedingEdge/etc'
Using monoOptions --debugger-agent=transport=dt_socket,embedding=1,server=y,suspend=n,address=127.0.0.1:56379
Begin MonoManager ReloadAssembly
Registering precompiled unity dll's ...
Register platform support module: /Applications/Unity/Hub/Editor/2022.3.8f1/PlaybackEngines/WebGLSupport/UnityEditor.WebGL.Extensions.dll
Register platform support module: /Applications/Unity/Hub/Editor/2022.3.8f1/Unity.app/Contents/PlaybackEngines/MacStandaloneSupport/UnityEditor.OSXStandalone.Extensions.dll
Register platform support module: /Applications/Unity/Hub/Editor/2022.3.8f1/PlaybackEngines/AndroidPlayer/UnityEditor.Android.Extensions.dll
Registered in 0.004375 seconds.
- Loaded All Assemblies, in  0.276 seconds
Native extension for Android target not found
Android Extension - Scanning For ADB Devices 278 ms
Native extension for OSXStandalone target not found
Native extension for WebGL target not found
Mono: successfully reloaded assembly
- Finished resetting the current domain, in  0.483 seconds
Domain Reload Profiling: 759ms
	BeginReloadAssembly (92ms)
		ExecutionOrderSort (0ms)
		DisableScriptedObjects (0ms)
		BackupInstance (0ms)
		ReleaseScriptingObjects (0ms)
		CreateAndSetChildDomain (1ms)
	RebuildCommonClasses (27ms)
	RebuildNativeTypeToScriptingClass (8ms)
	initialDomainReloadingComplete (37ms)
	LoadAllAssembliesAndSetupDomain (112ms)
		LoadAssemblies (93ms)
		RebuildTransferFunctionScriptingTraits (0ms)
		AnalyzeDomain (108ms)
			TypeCache.Refresh (108ms)
				TypeCache.ScanAssembly (95ms)
			ScanForSourceGeneratedMonoScriptInfo (0ms)
			ResolveRequiredComponents (0ms)
	FinalizeReload (483ms)
		ReleaseScriptCaches (0ms)
		RebuildScriptCaches (0ms)
		SetupLoadedEditorAssemblies (445ms)
			LogAssemblyErrors (0ms)
			InitializePlatformSupportModulesInManaged (355ms)
			SetLoadedEditorAssemblies (3ms)
			RefreshPlugins (0ms)
			BeforeProcessingInitializeOnLoad (1ms)
			ProcessInitializeOnLoadAttributes (57ms)
			ProcessInitializeOnLoadMethodAttributes (29ms)
			AfterProcessingInitializeOnLoad (0ms)
			EditorAssembliesLoaded (0ms)
		ExecutionOrderSort2 (0ms)
		AwakeInstancesAfterBackupRestoration (0ms)
========================================================================
Worker process is ready to serve import requests
Begin MonoManager ReloadAssembly
- Loaded All Assemblies, in  0.532 seconds
Refreshing native plugins compatible for Editor in 2.16 ms, found 3 plugins.
Native extension for Android target not found
Native extension for OSXStandalone target not found
Native extension for WebGL target not found
Package Manager log level set to [2]
[Package Manager] Server::EnsureServerProcessIsRunning -- launch failed, reason: Unity was launched with the -noUpm command-line argument
[Package Manager] UpmClient::Send -- Unable to send message (not connected to UPM process).
[Package Manager] Cannot connect to Unity Package Manager local server
[Package Manager] Server::EnsureServerProcessIsRunning -- launch failed, reason: Unity was launched with the -noUpm command-line argument
[Package Manager] UpmClient::Send -- Unable to send message (not connected to UPM process).
[Package Manager] Cannot connect to Unity Package Manager local server
Mono: successfully reloaded assembly
[Package Manager] Server::EnsureServerProcessIsRunning -- launch failed, reason: Unity was launched with the -noUpm command-line argument
[Package Manager] UpmClient::Send -- Unable to send message (not connected to UPM process).
[Package Manager] Cannot connect to Unity Package Manager local server
[Package Manager] Server::EnsureServerProcessIsRunning -- launch failed, reason: Unity was launched with the -noUpm command-line argument
[Package Manager] UpmClient::Send -- Unable to send message (not connected to UPM process).
[Package Manager] Cannot connect to Unity Package Manager local server
- Finished resetting the current domain, in  0.445 seconds
Domain Reload Profiling: 976ms
	BeginReloadAssembly (99ms)
		ExecutionOrderSort (0ms)
		DisableScriptedObjects (3ms)
		BackupInstance (0ms)
		ReleaseScriptingObjects (0ms)
		CreateAndSetChildDomain (21ms)
	RebuildCommonClasses (25ms)
	RebuildNativeTypeToScriptingClass (8ms)
	initialDomainReloadingComplete (25ms)
	LoadAllAssembliesAndSetupDomain (373ms)
		LoadAssemblies (249ms)
		RebuildTransferFunctionScriptingTraits (0ms)
		AnalyzeDomain (173ms)
			TypeCache.Refresh (157ms)
				TypeCache.ScanAssembly (128ms)
			ScanForSourceGeneratedMonoScriptInfo (11ms)
			ResolveRequiredComponents (4ms)
	FinalizeReload (446ms)
		ReleaseScriptCaches (0ms)
		RebuildScriptCaches (0ms)
		SetupLoadedEditorAssemblies (330ms)
			LogAssemblyErrors (0ms)
			InitializePlatformSupportModulesInManaged (14ms)
			SetLoadedEditorAssemblies (2ms)
			RefreshPlugins (0ms)
			BeforeProcessingInitializeOnLoad (38ms)
			ProcessInitializeOnLoadAttributes (238ms)
			ProcessInitializeOnLoadMethodAttributes (36ms)
			AfterProcessingInitializeOnLoad (1ms)
			EditorAssembliesLoaded (0ms)
		ExecutionOrderSort2 (0ms)
		AwakeInstancesAfterBackupRestoration (2ms)
Launching external process: /Applications/Unity/Hub/Editor/2022.3.8f1/Unity.app/Contents/Tools/UnityShaderCompiler
Launched and connected shader compiler UnityShaderCompiler after 0.07 seconds
Refreshing native plugins compatible for Editor in 1.16 ms, found 3 plugins.
Preloading 0 native plugins for Editor in 0.00 ms.
Unloading 4236 Unused Serialized files (Serialized files now loaded: 0)
Unloading 55 unused Assets / (1.5 MB). Loaded Objects now: 4696.
Memory consumption went from 162.8 MB to 161.3 MB.
Total: 3.913958 ms (FindLiveObjects: 0.176958 ms CreateObjectMapping: 0.064250 ms MarkObjects: 3.002708 ms  DeleteObjects: 0.669500 ms)

AssetImportParameters requested are different than current active one (requested -> active):
  custom:container-demuxer-ogg: 62fdf1f143b41e24485cea50d1cbac27 -> 
  custom:video-decoder-ogg-theora: a1e56fd34408186e4bbccfd4996cb3dc -> 
  custom:CustomObjectIndexerAttribute: 756ad292c208cfabdd7b50bc23989ffe -> 
  custom:container-demuxer-webm: 4f35f7cbe854078d1ac9338744f61a02 -> 
  custom:container-muxer-webm: aa71ff27fc2769a1b78a27578f13a17b -> 
  custom:video-decoder-webm-vp8: 9c59270c3fd7afecdb556c50c9e8de78 -> 
  custom:SearchIndexIgnoredProperties: e643bd26f0fe6173181afceb89e7c659 -> 
  custom:AudioImporter_EditorPlatform: 3918e3fc78b5a79bad01e8451be0beb8 -> 
  custom:framework-osx-AVFoundation: e770b220cccbd017edd2c1fefb359320 -> 
  custom:video-encoder-webm-vp8: eb34c28f22e8b96e1ab97ce403110664 -> 
  custom:audio-decoder-ogg-vorbis: bf7c407c2cedff20999df2af8eb42d56 -> 
  custom:audio-encoder-webm-vorbis: bf7c407c2cedff20999df2af8eb42d56 -> 
========================================================================
Received Import Request.
  Time since last request: 209279.290312 seconds.
  path: Assets/character/mr_pig/scene.bin
  artifactKey: Guid(05146a361d95d4583b16017efd198736) Importer(815301076,1909f56bfc062723c751e8b465ee728b)
Start importing Assets/character/mr_pig/scene.bin using Guid(05146a361d95d4583b16017efd198736) Importer(815301076,1909f56bfc062723c751e8b465ee728b)  -> (artifact id: '09f92116ed29e645fa649a70daab8f68') in 0.014159 seconds
Number of updated asset objects reloaded before import = 0
Number of asset objects unloaded after import = 1
========================================================================
Received Import Request.
  Time since last request: 582.432415 seconds.
  path: Assets/animals
  artifactKey: Guid(401d43031727745fe9984480a037dcef) Importer(815301076,1909f56bfc062723c751e8b465ee728b)
Start importing Assets/animals using Guid(401d43031727745fe9984480a037dcef) Importer(815301076,1909f56bfc062723c751e8b465ee728b)  -> (artifact id: 'bc466641245d61e241900554ba269661') in 0.014923 seconds
Number of updated asset objects reloaded before import = 0
Number of asset objects unloaded after import = 0
========================================================================
Received Import Request.
  Time since last request: 4.113802 seconds.
  path: Assets/character/Babiup.fbx
  artifactKey: Guid(599b114a27c9d40ae8cd044f7c2e01c9) Importer(815301076,1909f56bfc062723c751e8b465ee728b)
Start importing Assets/character/Babiup.fbx using Guid(599b114a27c9d40ae8cd044f7c2e01c9) Importer(815301076,1909f56bfc062723c751e8b465ee728b)  -> (artifact id: '480d3c079f59cd8b23236aaa687a5c55') in 0.298942 seconds
Number of updated asset objects reloaded before import = 0
Number of asset objects unloaded after import = 108
========================================================================
Received Prepare
Begin MonoManager ReloadAssembly
Thread 0x2a3093000 may have been prematurely finalized
- Loaded All Assemblies, in  0.420 seconds
Refreshing native plugins compatible for Editor in 3.53 ms, found 3 plugins.
Native extension for Android target not found
Native extension for OSXStandalone target not found
Native extension for WebGL target not found
[Package Manager] Server::EnsureServerProcessIsRunning -- launch failed, reason: Unity was launched with the -noUpm command-line argument
[Package Manager] UpmClient::Send -- Unable to send message (not connected to UPM process).
[Package Manager] Cannot connect to Unity Package Manager local server
[Package Manager] Server::EnsureServerProcessIsRunning -- launch failed, reason: Unity was launched with the -noUpm command-line argument
[Package Manager] UpmClient::Send -- Unable to send message (not connected to UPM process).
[Package Manager] Cannot connect to Unity Package Manager local server
Mono: successfully reloaded assembly
[Package Manager] Server::EnsureServerProcessIsRunning -- launch failed, reason: Unity was launched with the -noUpm command-line argument
[Package Manager] UpmClient::Send -- Unable to send message (not connected to UPM process).
[Package Manager] Cannot connect to Unity Package Manager local server
- Finished resetting the current domain, in  0.818 seconds
Domain Reload Profiling: 1240ms
	BeginReloadAssembly (147ms)
		ExecutionOrderSort (0ms)
		DisableScriptedObjects (3ms)
		BackupInstance (0ms)
		ReleaseScriptingObjects (0ms)
		CreateAndSetChildDomain (63ms)
	RebuildCommonClasses (24ms)
	RebuildNativeTypeToScriptingClass (8ms)
	initialDomainReloadingComplete (19ms)
	LoadAllAssembliesAndSetupDomain (223ms)
		LoadAssemblies (243ms)
		RebuildTransferFunctionScriptingTraits (0ms)
		AnalyzeDomain (31ms)
			TypeCache.Refresh (24ms)
				TypeCache.ScanAssembly (0ms)
			ScanForSourceGeneratedMonoScriptInfo (0ms)
			ResolveRequiredComponents (6ms)
	FinalizeReload (818ms)
		ReleaseScriptCaches (0ms)
		RebuildScriptCaches (0ms)
		SetupLoadedEditorAssemblies (275ms)
			LogAssemblyErrors (0ms)
			InitializePlatformSupportModulesInManaged (13ms)
			SetLoadedEditorAssemblies (2ms)
			RefreshPlugins (0ms)
			BeforeProcessingInitializeOnLoad (44ms)
			ProcessInitializeOnLoadAttributes (179ms)
			ProcessInitializeOnLoadMethodAttributes (35ms)
			AfterProcessingInitializeOnLoad (1ms)
			EditorAssembliesLoaded (0ms)
		ExecutionOrderSort2 (0ms)
		AwakeInstancesAfterBackupRestoration (4ms)
Refreshing native plugins compatible for Editor in 1.29 ms, found 3 plugins.
Preloading 0 native plugins for Editor in 0.00 ms.
Unloading 4211 Unused Serialized files (Serialized files now loaded: 0)
Unloading 35 unused Assets / (1.4 MB). Loaded Objects now: 4743.
Memory consumption went from 165.0 MB to 163.7 MB.
Total: 6.045166 ms (FindLiveObjects: 0.463833 ms CreateObjectMapping: 0.061250 ms MarkObjects: 4.987167 ms  DeleteObjects: 0.532333 ms)

Prepare: number of updated asset objects reloaded= 0
AssetImportParameters requested are different than current active one (requested -> active):
  custom:container-demuxer-ogg: 62fdf1f143b41e24485cea50d1cbac27 -> 
  custom:video-decoder-ogg-theora: a1e56fd34408186e4bbccfd4996cb3dc -> 
  custom:CustomObjectIndexerAttribute: 756ad292c208cfabdd7b50bc23989ffe -> 
  custom:container-demuxer-webm: 4f35f7cbe854078d1ac9338744f61a02 -> 
  custom:container-muxer-webm: aa71ff27fc2769a1b78a27578f13a17b -> 
  custom:video-decoder-webm-vp8: 9c59270c3fd7afecdb556c50c9e8de78 -> 
  custom:SearchIndexIgnoredProperties: e643bd26f0fe6173181afceb89e7c659 -> 
  custom:AudioImporter_EditorPlatform: 3918e3fc78b5a79bad01e8451be0beb8 -> 
  custom:framework-osx-AVFoundation: e770b220cccbd017edd2c1fefb359320 -> 
  custom:video-encoder-webm-vp8: eb34c28f22e8b96e1ab97ce403110664 -> 
  custom:audio-decoder-ogg-vorbis: bf7c407c2cedff20999df2af8eb42d56 -> 
  custom:audio-encoder-webm-vorbis: bf7c407c2cedff20999df2af8eb42d56 -> 
========================================================================
Received Import Request.
  Time since last request: 51.602986 seconds.
  path: Assets/character/New Folder
  artifactKey: Guid(b9062d11022ee428d97200177879312a) Importer(815301076,1909f56bfc062723c751e8b465ee728b)
Start importing Assets/character/New Folder using Guid(b9062d11022ee428d97200177879312a) Importer(815301076,1909f56bfc062723c751e8b465ee728b)  -> (artifact id: 'ace68da7197f4364509d8d18535a359d') in 0.005719 seconds
Number of updated asset objects reloaded before import = 0
Number of asset objects unloaded after import = 0
========================================================================
Received Import Request.
  Time since last request: 8.162680 seconds.
  path: Assets/character/piglet
  artifactKey: Guid(b9062d11022ee428d97200177879312a) Importer(815301076,1909f56bfc062723c751e8b465ee728b)
Start importing Assets/character/piglet using Guid(b9062d11022ee428d97200177879312a) Importer(815301076,1909f56bfc062723c751e8b465ee728b)  -> (artifact id: 'ede307723887283364f2e9fd420f454c') in 0.000356 seconds
Number of updated asset objects reloaded before import = 0
Number of asset objects unloaded after import = 0
========================================================================
Received Import Request.
  Time since last request: 10.454055 seconds.
  path: Assets/character/werewolf
  artifactKey: Guid(89e5f3b138eac49e19e03d5288d05f2b) Importer(815301076,1909f56bfc062723c751e8b465ee728b)
Start importing Assets/character/werewolf using Guid(89e5f3b138eac49e19e03d5288d05f2b) Importer(815301076,1909f56bfc062723c751e8b465ee728b)  -> (artifact id: 'b63560ed03d232048c893bacb4c40442') in 0.001780 seconds
Number of updated asset objects reloaded before import = 0
Number of asset objects unloaded after import = 0
========================================================================
Received Import Request.
  Time since last request: 859.025248 seconds.
  path: Assets/character/pig.obj
  artifactKey: Guid(1de455882dc4741639fe61b073fb7c60) Importer(815301076,1909f56bfc062723c751e8b465ee728b)
Start importing Assets/character/pig.obj using Guid(1de455882dc4741639fe61b073fb7c60) Importer(815301076,1909f56bfc062723c751e8b465ee728b)  -> (artifact id: '1954fc272d2322fdd28dbf69e74e2cda') in 0.150141 seconds
Number of updated asset objects reloaded before import = 0
Number of asset objects unloaded after import = 10
========================================================================
Received Import Request.
  Time since last request: 28.714800 seconds.
  path: Assets/character/pig.mtl
  artifactKey: Guid(5f6c358b7b65349d18d7bda4a156cd83) Importer(815301076,1909f56bfc062723c751e8b465ee728b)
Start importing Assets/character/pig.mtl using Guid(5f6c358b7b65349d18d7bda4a156cd83) Importer(815301076,1909f56bfc062723c751e8b465ee728b)  -> (artifact id: '351cda9ac14af0b2aa13dec890c16d85') in 0.004546 seconds
Number of updated asset objects reloaded before import = 0
Number of asset objects unloaded after import = 1
========================================================================
Received Import Request.
  Time since last request: 1295.717325 seconds.
  path: Assets/character/npc_pig_male.fbx
  artifactKey: Guid(d1796bdf21a09450d9866567d8c3170e) Importer(815301076,1909f56bfc062723c751e8b465ee728b)
Start importing Assets/character/npc_pig_male.fbx using Guid(d1796bdf21a09450d9866567d8c3170e) Importer(815301076,1909f56bfc062723c751e8b465ee728b)  -> (artifact id: '7f1d468015d3af38a121f687d982bd77') in 0.051435 seconds
Number of updated asset objects reloaded before import = 0
Number of asset objects unloaded after import = 8
========================================================================
Received Import Request.
  Time since last request: 57.519579 seconds.
  path: Assets/character/female npc baked.fbx
  artifactKey: Guid(7919f3b5eb6a34750b56939ccf524d1f) Importer(815301076,1909f56bfc062723c751e8b465ee728b)
Start importing Assets/character/female npc baked.fbx using Guid(7919f3b5eb6a34750b56939ccf524d1f) Importer(815301076,1909f56bfc062723c751e8b465ee728b)  -> (artifact id: '9203fb5ed3a3589c64c55466f47d326c') in 0.031955 seconds
Number of updated asset objects reloaded before import = 0
Number of asset objects unloaded after import = 8
========================================================================
Received Import Request.
  Time since last request: 94.422584 seconds.
  path: Assets/character/Piggy_m_10.fbx
  artifactKey: Guid(2691c216b56164efd9783968e5723c20) Importer(815301076,1909f56bfc062723c751e8b465ee728b)
Start importing Assets/character/Piggy_m_10.fbx using Guid(2691c216b56164efd9783968e5723c20) Importer(815301076,1909f56bfc062723c751e8b465ee728b)  -> (artifact id: 'e77e22473633660fe66263e9793351bc') in 0.093637 seconds
Number of updated asset objects reloaded before import = 0
Number of asset objects unloaded after import = 56
========================================================================
Received Import Request.
  Time since last request: 75.826672 seconds.
  path: Assets/character/cuerpo_color_pig3.jpg
  artifactKey: Guid(48da0f54cc12d4a9cbb65488d683e847) Importer(815301076,1909f56bfc062723c751e8b465ee728b)
Start importing Assets/character/cuerpo_color_pig3.jpg using Guid(48da0f54cc12d4a9cbb65488d683e847) Importer(815301076,1909f56bfc062723c751e8b465ee728b)  -> (artifact id: '98aef12ae140fa3c07dddf605de646f7') in 0.129975 seconds
Number of updated asset objects reloaded before import = 0
Number of asset objects unloaded after import = 2
========================================================================
Received Import Request.
  Time since last request: 0.000172 seconds.
  path: Assets/character/Piggy_m_10.fbx
  artifactKey: Guid(2691c216b56164efd9783968e5723c20) Importer(815301076,1909f56bfc062723c751e8b465ee728b)
Start importing Assets/character/Piggy_m_10.fbx using Guid(2691c216b56164efd9783968e5723c20) Importer(815301076,1909f56bfc062723c751e8b465ee728b)  -> (artifact id: '48b66ddee9ecc5e0838a5b62fcf0c96a') in 0.090517 seconds
Number of updated asset objects reloaded before import = 0
Number of asset objects unloaded after import = 59
========================================================================
Received Import Request.
  Time since last request: 0.000048 seconds.
  path: Assets/character/gorro_color_pig.jpg
  artifactKey: Guid(1976630aae7a74a23936ad762087d445) Importer(815301076,1909f56bfc062723c751e8b465ee728b)
Start importing Assets/character/gorro_color_pig.jpg using Guid(1976630aae7a74a23936ad762087d445) Importer(815301076,1909f56bfc062723c751e8b465ee728b)  -> (artifact id: '6b45e2d94c5eb94e8f7c870f11017cbb') in 0.005654 seconds
Number of updated asset objects reloaded before import = 0
Number of asset objects unloaded after import = 2
========================================================================
Received Import Request.
  Time since last request: 49.911191 seconds.
  path: Assets/character/piglet/Piggy_m_10
  artifactKey: Guid(5729adbac3d9d403b840a3f7b1fbab58) Importer(815301076,1909f56bfc062723c751e8b465ee728b)
Start importing Assets/character/piglet/Piggy_m_10 using Guid(5729adbac3d9d403b840a3f7b1fbab58) Importer(815301076,1909f56bfc062723c751e8b465ee728b)  -> (artifact id: '173e781a3b028ebbde1b1ec36f783376') in 0.003420 seconds
Number of updated asset objects reloaded before import = 0
Number of asset objects unloaded after import = 0
========================================================================
Received Import Request.
  Time since last request: 0.045848 seconds.
  path: Assets/character/piglet/Piggy_m_10/cuerpo_color_pig3.jpg
  artifactKey: Guid(59aca0f91c23646bab36844cca5c728d) Importer(815301076,1909f56bfc062723c751e8b465ee728b)
Start importing Assets/character/piglet/Piggy_m_10/cuerpo_color_pig3.jpg using Guid(59aca0f91c23646bab36844cca5c728d) Importer(815301076,1909f56bfc062723c751e8b465ee728b)  -> (artifact id: '275717fdb3d0047ae1e5014a4edccd4d') in 0.043688 seconds
Number of updated asset objects reloaded before import = 0
Number of asset objects unloaded after import = 2
========================================================================
Received Import Request.
  Time since last request: 0.000286 seconds.
  path: Assets/character/piglet/Piggy_m_10/Piggy_m_10.fbx
  artifactKey: Guid(afcecc7547a7241639367bbcca02bd8b) Importer(815301076,1909f56bfc062723c751e8b465ee728b)
Start importing Assets/character/piglet/Piggy_m_10/Piggy_m_10.fbx using Guid(afcecc7547a7241639367bbcca02bd8b) Importer(815301076,1909f56bfc062723c751e8b465ee728b)  -> (artifact id: 'c75a7bbf8aeb11d3d6f01e8e5137fa6a') in 0.093936 seconds
Number of updated asset objects reloaded before import = 0
Number of asset objects unloaded after import = 59
========================================================================
Received Import Request.
  Time since last request: 26.127981 seconds.
  path: Assets/character/piglet/pig_rar
  artifactKey: Guid(ac3b06e74039d4908813c369ed147dc8) Importer(815301076,1909f56bfc062723c751e8b465ee728b)
Start importing Assets/character/piglet/pig_rar using Guid(ac3b06e74039d4908813c369ed147dc8) Importer(815301076,1909f56bfc062723c751e8b465ee728b)  -> (artifact id: '15edd4c90284929d93c5c005c82ea33b') in 0.025405 seconds
Number of updated asset objects reloaded before import = 0
Number of asset objects unloaded after import = 0
========================================================================
Received Import Request.
  Time since last request: 0.023503 seconds.
  path: Assets/character/piglet/pig_rar/lon.jpg
  artifactKey: Guid(c0d07d75f1631421591b1fd6af527edb) Importer(815301076,1909f56bfc062723c751e8b465ee728b)
Start importing Assets/character/piglet/pig_rar/lon.jpg using Guid(c0d07d75f1631421591b1fd6af527edb) Importer(815301076,1909f56bfc062723c751e8b465ee728b)  -> (artifact id: 'f55012cd2377daafe50edceeb95ae82d') in 0.048904 seconds
Number of updated asset objects reloaded before import = 0
Number of asset objects unloaded after import = 2
========================================================================
Received Import Request.
  Time since last request: 0.000047 seconds.
  path: Assets/character/piglet/pig_rar/pig.obj
  artifactKey: Guid(476fa4ba26df446f2acb355f808244c6) Importer(815301076,1909f56bfc062723c751e8b465ee728b)
Start importing Assets/character/piglet/pig_rar/pig.obj using Guid(476fa4ba26df446f2acb355f808244c6) Importer(815301076,1909f56bfc062723c751e8b465ee728b)  -> (artifact id: '3178ba0129add225ea2eb502c548d64e') in 0.039853 seconds
Number of updated asset objects reloaded before import = 0
Number of asset objects unloaded after import = 13
========================================================================
Received Import Request.
  Time since last request: 23.109008 seconds.
  path: Assets/character/piglet/npc-pig-female
  artifactKey: Guid(726096388683f4162bb93369bff4756e) Importer(815301076,1909f56bfc062723c751e8b465ee728b)
Start importing Assets/character/piglet/npc-pig-female using Guid(726096388683f4162bb93369bff4756e) Importer(815301076,1909f56bfc062723c751e8b465ee728b)  -> (artifact id: '7b5c60964a201adcdb830d3e5bcba36c') in 0.003575 seconds
Number of updated asset objects reloaded before import = 0
Number of asset objects unloaded after import = 0
========================================================================
Received Import Request.
  Time since last request: 1.488080 seconds.
  path: Assets/character/piglet/npc-pig-female/textures
  artifactKey: Guid(b80ffbfacde124341bd65a091c067998) Importer(815301076,1909f56bfc062723c751e8b465ee728b)
Start importing Assets/character/piglet/npc-pig-female/textures using Guid(b80ffbfacde124341bd65a091c067998) Importer(815301076,1909f56bfc062723c751e8b465ee728b)  -> (artifact id: '9acf4a1e4d02e8657f749ccf7c8cc0f1') in 0.000481 seconds
Number of updated asset objects reloaded before import = 0
Number of asset objects unloaded after import = 0
========================================================================
Received Import Request.
  Time since last request: 0.057320 seconds.
  path: Assets/character/piglet/npc-pig-female/textures/female_npc_baked_ao.png
  artifactKey: Guid(45e84e3c96ec74a0d9d4dd1d0dc54f61) Importer(815301076,1909f56bfc062723c751e8b465ee728b)
Start importing Assets/character/piglet/npc-pig-female/textures/female_npc_baked_ao.png using Guid(45e84e3c96ec74a0d9d4dd1d0dc54f61) Importer(815301076,1909f56bfc062723c751e8b465ee728b)  -> (artifact id: '46cfee0c66df20eb37ce4554e0ba5861') in 0.055275 seconds
Number of updated asset objects reloaded before import = 0
Number of asset objects unloaded after import = 2
========================================================================
Received Import Request.
  Time since last request: 0.000290 seconds.
  path: Assets/character/piglet/npc-pig-female/textures/female_npc_baked_Metalness.png
  artifactKey: Guid(eb021cbf567cb4d2a800cda952bd8f73) Importer(815301076,1909f56bfc062723c751e8b465ee728b)
Start importing Assets/character/piglet/npc-pig-female/textures/female_npc_baked_Metalness.png using Guid(eb021cbf567cb4d2a800cda952bd8f73) Importer(815301076,1909f56bfc062723c751e8b465ee728b)  -> (artifact id: '34186a2653893ad4ab08feabe1c28e3e') in 0.006091 seconds
Number of updated asset objects reloaded before import = 0
Number of asset objects unloaded after import = 2
========================================================================
Received Import Request.
  Time since last request: 0.000038 seconds.
  path: Assets/character/piglet/npc-pig-female/textures/female_npc_baked_Roughness.png
  artifactKey: Guid(0a32183331124481d95565bbfd8d536f) Importer(815301076,1909f56bfc062723c751e8b465ee728b)
Start importing Assets/character/piglet/npc-pig-female/textures/female_npc_baked_Roughness.png using Guid(0a32183331124481d95565bbfd8d536f) Importer(815301076,1909f56bfc062723c751e8b465ee728b)  -> (artifact id: '4b3ebc0cad34462ab40c29188624b6d6') in 0.005270 seconds
Number of updated asset objects reloaded before import = 0
Number of asset objects unloaded after import = 2
========================================================================
Received Import Request.
  Time since last request: 2.994771 seconds.
  path: Assets/character/piglet/npc-pig-female/source
  artifactKey: Guid(629e7a60a50164a8a8914d4eedaa2ed1) Importer(815301076,1909f56bfc062723c751e8b465ee728b)
Start importing Assets/character/piglet/npc-pig-female/source using Guid(629e7a60a50164a8a8914d4eedaa2ed1) Importer(815301076,1909f56bfc062723c751e8b465ee728b)  -> (artifact id: '869525579aa7ea744765ded8ccc64249') in 0.000622 seconds
Number of updated asset objects reloaded before import = 0
Number of asset objects unloaded after import = 0
========================================================================
Received Import Request.
  Time since last request: 0.061397 seconds.
  path: Assets/character/piglet/npc-pig-female/source/female npc baked.fbx
  artifactKey: Guid(6aaa1e976f22c4c83b946f016cfb07ce) Importer(815301076,1909f56bfc062723c751e8b465ee728b)
Start importing Assets/character/piglet/npc-pig-female/source/female npc baked.fbx using Guid(6aaa1e976f22c4c83b946f016cfb07ce) Importer(815301076,1909f56bfc062723c751e8b465ee728b)  -> (artifact id: '346796a8b818ed2ad15a729d48307bfd') in 0.023677 seconds
Number of updated asset objects reloaded before import = 0
Number of asset objects unloaded after import = 8
========================================================================
Received Import Request.
  Time since last request: 44.962016 seconds.
  path: Assets/character/piglet/npc_pig_male
  artifactKey: Guid(7cdb338fb161249b2870d3b884cf1dfc) Importer(815301076,1909f56bfc062723c751e8b465ee728b)
Start importing Assets/character/piglet/npc_pig_male using Guid(7cdb338fb161249b2870d3b884cf1dfc) Importer(815301076,1909f56bfc062723c751e8b465ee728b)  -> (artifact id: '1037a695106dac43e3647af15b19bb1b') in 0.002329 seconds
Number of updated asset objects reloaded before import = 0
Number of asset objects unloaded after import = 0
========================================================================
Received Import Request.
  Time since last request: 0.891132 seconds.
  path: Assets/character/piglet/npc_pig_male/npc_pig_male.fbx
  artifactKey: Guid(ee86895ee4580410e8c4d40229f8be53) Importer(815301076,1909f56bfc062723c751e8b465ee728b)
Start importing Assets/character/piglet/npc_pig_male/npc_pig_male.fbx using Guid(ee86895ee4580410e8c4d40229f8be53) Importer(815301076,1909f56bfc062723c751e8b465ee728b)  -> (artifact id: '4911edc55bed5f3c480ab19d082511b6') in 0.090119 seconds
Number of updated asset objects reloaded before import = 0
Number of asset objects unloaded after import = 8
========================================================================
Received Import Request.
  Time since last request: 0.000123 seconds.
  path: Assets/character/piglet/npc_pig_male/npc_pig_male_Roughness.png
  artifactKey: Guid(6e5bbbb38e61b4945973e13a5d6d0c6d) Importer(815301076,1909f56bfc062723c751e8b465ee728b)
Start importing Assets/character/piglet/npc_pig_male/npc_pig_male_Roughness.png using Guid(6e5bbbb38e61b4945973e13a5d6d0c6d) Importer(815301076,1909f56bfc062723c751e8b465ee728b)  -> (artifact id: 'e5ae2cf01e593891778cda798eef6b48') in 0.014904 seconds
Number of updated asset objects reloaded before import = 0
Number of asset objects unloaded after import = 2
========================================================================
Received Import Request.
  Time since last request: 0.000071 seconds.
  path: Assets/character/piglet/npc_pig_male/npc_pig_male_Normal.png
  artifactKey: Guid(2dadef962d286408b91109b4c23fe6af) Importer(815301076,1909f56bfc062723c751e8b465ee728b)
Start importing Assets/character/piglet/npc_pig_male/npc_pig_male_Normal.png using Guid(2dadef962d286408b91109b4c23fe6af) Importer(815301076,1909f56bfc062723c751e8b465ee728b)  -> (artifact id: 'dd94999765b716d61ea2f41387bd99c0') in 0.008902 seconds
Number of updated asset objects reloaded before import = 0
Number of asset objects unloaded after import = 2
========================================================================
Received Import Request.
  Time since last request: 586.856920 seconds.
  path: Assets/character/werewolf/BigBadWolf.fbx
  artifactKey: Guid(d1de3cca58e3e4a28a5859d1c55c7aad) Importer(815301076,1909f56bfc062723c751e8b465ee728b)
Start importing Assets/character/werewolf/BigBadWolf.fbx using Guid(d1de3cca58e3e4a28a5859d1c55c7aad) Importer(815301076,1909f56bfc062723c751e8b465ee728b)  -> (artifact id: 'a64f26ecd08a453919ff3f22fbefa2e1') in 0.245174 seconds
Number of updated asset objects reloaded before import = 0
Number of asset objects unloaded after import = 624
========================================================================
Received Import Request.
  Time since last request: 375.567613 seconds.
  path: Assets/character/piglet/rufus-the-guinea-pig
  artifactKey: Guid(dce914deaf9834bc49337123ec61a949) Importer(815301076,1909f56bfc062723c751e8b465ee728b)
Start importing Assets/character/piglet/rufus-the-guinea-pig using Guid(dce914deaf9834bc49337123ec61a949) Importer(815301076,1909f56bfc062723c751e8b465ee728b)  -> (artifact id: '7ca2bdb9ac44bd7ffa74a5bf2d6ce64b') in 0.004765 seconds
Number of updated asset objects reloaded before import = 0
Number of asset objects unloaded after import = 0
========================================================================
Received Import Request.
  Time since last request: 0.918660 seconds.
  path: Assets/character/piglet/rufus-the-guinea-pig/source
  artifactKey: Guid(fc6bf2c0d373d4d9d97c61315c3fe2b4) Importer(815301076,1909f56bfc062723c751e8b465ee728b)
Start importing Assets/character/piglet/rufus-the-guinea-pig/source using Guid(fc6bf2c0d373d4d9d97c61315c3fe2b4) Importer(815301076,1909f56bfc062723c751e8b465ee728b)  -> (artifact id: 'f411fcf950012d05323bc427bc155e2d') in 0.002585 seconds
Number of updated asset objects reloaded before import = 0
Number of asset objects unloaded after import = 0
========================================================================
Received Import Request.
  Time since last request: 0.089818 seconds.
  path: Assets/character/piglet/rufus-the-guinea-pig/source/animacja_Rufek_4 .fbx
  artifactKey: Guid(8f7d9ca803ff74011a54e441b3836928) Importer(815301076,1909f56bfc062723c751e8b465ee728b)
Start importing Assets/character/piglet/rufus-the-guinea-pig/source/animacja_Rufek_4 .fbx using Guid(8f7d9ca803ff74011a54e441b3836928) Importer(815301076,1909f56bfc062723c751e8b465ee728b)  -> (artifact id: 'd75baaa3b2b8f717b64abe5c2cc4a350') in 0.305813 seconds
Number of updated asset objects reloaded before import = 0
Number of asset objects unloaded after import = 111
========================================================================
Received Prepare
Begin MonoManager ReloadAssembly
Thread 0x16d76f000 may have been prematurely finalized
- Loaded All Assemblies, in  0.669 seconds
Refreshing native plugins compatible for Editor in 1.39 ms, found 3 plugins.
Native extension for Android target not found
Native extension for OSXStandalone target not found
Native extension for WebGL target not found
[Package Manager] Server::EnsureServerProcessIsRunning -- launch failed, reason: Unity was launched with the -noUpm command-line argument
[Package Manager] UpmClient::Send -- Unable to send message (not connected to UPM process).
[Package Manager] Cannot connect to Unity Package Manager local server
[Package Manager] Server::EnsureServerProcessIsRunning -- launch failed, reason: Unity was launched with the -noUpm command-line argument
[Package Manager] UpmClient::Send -- Unable to send message (not connected to UPM process).
[Package Manager] Cannot connect to Unity Package Manager local server
Mono: successfully reloaded assembly
[Package Manager] Server::EnsureServerProcessIsRunning -- launch failed, reason: Unity was launched with the -noUpm command-line argument
[Package Manager] UpmClient::Send -- Unable to send message (not connected to UPM process).
[Package Manager] Cannot connect to Unity Package Manager local server
- Finished resetting the current domain, in  1.043 seconds
Domain Reload Profiling: 1713ms
	BeginReloadAssembly (275ms)
		ExecutionOrderSort (0ms)
		DisableScriptedObjects (4ms)
		BackupInstance (0ms)
		ReleaseScriptingObjects (0ms)
		CreateAndSetChildDomain (103ms)
	RebuildCommonClasses (36ms)
	RebuildNativeTypeToScriptingClass (9ms)
	initialDomainReloadingComplete (19ms)
	LoadAllAssembliesAndSetupDomain (332ms)
		LoadAssemblies (421ms)
		RebuildTransferFunctionScriptingTraits (0ms)
		AnalyzeDomain (37ms)
			TypeCache.Refresh (30ms)
				TypeCache.ScanAssembly (0ms)
			ScanForSourceGeneratedMonoScriptInfo (0ms)
			ResolveRequiredComponents (6ms)
	FinalizeReload (1043ms)
		ReleaseScriptCaches (0ms)
		RebuildScriptCaches (0ms)
		SetupLoadedEditorAssemblies (352ms)
			LogAssemblyErrors (0ms)
			InitializePlatformSupportModulesInManaged (21ms)
			SetLoadedEditorAssemblies (4ms)
			RefreshPlugins (0ms)
			BeforeProcessingInitializeOnLoad (56ms)
			ProcessInitializeOnLoadAttributes (228ms)
			ProcessInitializeOnLoadMethodAttributes (42ms)
			AfterProcessingInitializeOnLoad (1ms)
			EditorAssembliesLoaded (0ms)
		ExecutionOrderSort2 (0ms)
		AwakeInstancesAfterBackupRestoration (4ms)
Refreshing native plugins compatible for Editor in 1.17 ms, found 3 plugins.
Preloading 0 native plugins for Editor in 0.00 ms.
Unloading 4211 Unused Serialized files (Serialized files now loaded: 0)
Unloading 35 unused Assets / (1.5 MB). Loaded Objects now: 4750.
Memory consumption went from 171.3 MB to 169.8 MB.
Total: 4.677333 ms (FindLiveObjects: 0.245542 ms CreateObjectMapping: 0.076833 ms MarkObjects: 3.564500 ms  DeleteObjects: 0.789584 ms)

Prepare: number of updated asset objects reloaded= 0
AssetImportParameters requested are different than current active one (requested -> active):
  custom:container-demuxer-ogg: 62fdf1f143b41e24485cea50d1cbac27 -> 
  custom:video-decoder-ogg-theora: a1e56fd34408186e4bbccfd4996cb3dc -> 
  custom:CustomObjectIndexerAttribute: 756ad292c208cfabdd7b50bc23989ffe -> 
  custom:container-demuxer-webm: 4f35f7cbe854078d1ac9338744f61a02 -> 
  custom:container-muxer-webm: aa71ff27fc2769a1b78a27578f13a17b -> 
  custom:video-decoder-webm-vp8: 9c59270c3fd7afecdb556c50c9e8de78 -> 
  custom:SearchIndexIgnoredProperties: e643bd26f0fe6173181afceb89e7c659 -> 
  custom:AudioImporter_EditorPlatform: 3918e3fc78b5a79bad01e8451be0beb8 -> 
  custom:framework-osx-AVFoundation: e770b220cccbd017edd2c1fefb359320 -> 
  custom:video-encoder-webm-vp8: eb34c28f22e8b96e1ab97ce403110664 -> 
  custom:audio-decoder-ogg-vorbis: bf7c407c2cedff20999df2af8eb42d56 -> 
  custom:audio-encoder-webm-vorbis: bf7c407c2cedff20999df2af8eb42d56 -> 
========================================================================
Received Import Request.
  Time since last request: 304.033273 seconds.
  path: Assets/character/piglet/yourMesh.ply
  artifactKey: Guid(36134665bf48744b284a83154d6766b3) Importer(815301076,1909f56bfc062723c751e8b465ee728b)
Start importing Assets/character/piglet/yourMesh.ply using Guid(36134665bf48744b284a83154d6766b3) Importer(815301076,1909f56bfc062723c751e8b465ee728b)  -> (artifact id: '9cc2827763bbd5cabf8eba1523ce6a5f') in 0.033434 seconds
Number of updated asset objects reloaded before import = 0
Number of asset objects unloaded after import = 1
========================================================================
Received Import Request.
  Time since last request: 146.029714 seconds.
  path: Assets/character/piglet/pink-pig-plush-3xp
  artifactKey: Guid(80cda040915414ebb99d223c95d4b592) Importer(815301076,1909f56bfc062723c751e8b465ee728b)
Start importing Assets/character/piglet/pink-pig-plush-3xp using Guid(80cda040915414ebb99d223c95d4b592) Importer(815301076,1909f56bfc062723c751e8b465ee728b)  -> (artifact id: '1650c075752bbfb89f33eeecc8feb63a') in 0.001468 seconds
Number of updated asset objects reloaded before import = 0
Number of asset objects unloaded after import = 0
========================================================================
Received Import Request.
  Time since last request: 0.866935 seconds.
  path: Assets/character/piglet/pink-pig-plush-3xp/source
  artifactKey: Guid(c10ee565c8f374c5fa223ce140ec3563) Importer(815301076,1909f56bfc062723c751e8b465ee728b)
Start importing Assets/character/piglet/pink-pig-plush-3xp/source using Guid(c10ee565c8f374c5fa223ce140ec3563) Importer(815301076,1909f56bfc062723c751e8b465ee728b)  -> (artifact id: 'c2bf19595ccb751a7149a2ad55452a34') in 0.000854 seconds
Number of updated asset objects reloaded before import = 0
Number of asset objects unloaded after import = 0
========================================================================
Received Import Request.
  Time since last request: 0.112456 seconds.
  path: Assets/character/piglet/pink-pig-plush-3xp/source/SM_Pig.fbx
  artifactKey: Guid(b098b1083ce884c1386fa924542f7377) Importer(815301076,1909f56bfc062723c751e8b465ee728b)
Start importing Assets/character/piglet/pink-pig-plush-3xp/source/SM_Pig.fbx using Guid(b098b1083ce884c1386fa924542f7377) Importer(815301076,1909f56bfc062723c751e8b465ee728b)  -> (artifact id: 'b5e6ba8a71599524e6561bcdf7397a89') in 0.111222 seconds
Number of updated asset objects reloaded before import = 0
Number of asset objects unloaded after import = 7
========================================================================
Received Import Request.
  Time since last request: 4.071884 seconds.
  path: Assets/character/piglet/pink-pig-plush-3xp/textures
  artifactKey: Guid(8feb0ac180e1c4005aeb742f450a178f) Importer(815301076,1909f56bfc062723c751e8b465ee728b)
Start importing Assets/character/piglet/pink-pig-plush-3xp/textures using Guid(8feb0ac180e1c4005aeb742f450a178f) Importer(815301076,1909f56bfc062723c751e8b465ee728b)  -> (artifact id: '75530f885d3e13ba20d179fe2f6d1ed0') in 0.000629 seconds
Number of updated asset objects reloaded before import = 0
Number of asset objects unloaded after import = 0
========================================================================
Received Import Request.
  Time since last request: 0.055338 seconds.
  path: Assets/character/piglet/pink-pig-plush-3xp/textures/DefaultMaterial_albedo.jpg
  artifactKey: Guid(73547da7e1bdc47b595fd5693bbe9e21) Importer(815301076,1909f56bfc062723c751e8b465ee728b)
Start importing Assets/character/piglet/pink-pig-plush-3xp/textures/DefaultMaterial_albedo.jpg using Guid(73547da7e1bdc47b595fd5693bbe9e21) Importer(815301076,1909f56bfc062723c751e8b465ee728b)  -> (artifact id: '58ee4647332be532a553e357d8967bba') in 0.029966 seconds
Number of updated asset objects reloaded before import = 0
Number of asset objects unloaded after import = 2
========================================================================
Received Import Request.
  Time since last request: 0.000123 seconds.
  path: Assets/character/piglet/pink-pig-plush-3xp/textures/DefaultMaterial_roughness.jpg
  artifactKey: Guid(f0517db42b72249e1b13aa410daa9937) Importer(815301076,1909f56bfc062723c751e8b465ee728b)
Start importing Assets/character/piglet/pink-pig-plush-3xp/textures/DefaultMaterial_roughness.jpg using Guid(f0517db42b72249e1b13aa410daa9937) Importer(815301076,1909f56bfc062723c751e8b465ee728b)  -> (artifact id: 'c58c681e2c855c65d5601a6e1176ecb2') in 0.007656 seconds
Number of updated asset objects reloaded before import = 0
Number of asset objects unloaded after import = 2
========================================================================
Received Import Request.
  Time since last request: 0.000233 seconds.
  path: Assets/character/piglet/pink-pig-plush-3xp/textures/DefaultMaterial_metallic.jpg
  artifactKey: Guid(5cedfca38e7c642948a0b44eb2048243) Importer(815301076,1909f56bfc062723c751e8b465ee728b)
Start importing Assets/character/piglet/pink-pig-plush-3xp/textures/DefaultMaterial_metallic.jpg using Guid(5cedfca38e7c642948a0b44eb2048243) Importer(815301076,1909f56bfc062723c751e8b465ee728b)  -> (artifact id: '577aa0cf324551858b1ee80e08b1afe0') in 0.009579 seconds
Number of updated asset objects reloaded before import = 0
Number of asset objects unloaded after import = 2
========================================================================
Received Import Request.
  Time since last request: 0.000562 seconds.
  path: Assets/character/piglet/pink-pig-plush-3xp/textures/DefaultMaterial_normal.png
  artifactKey: Guid(952f62b39bb5f4071b5fc15e025d7fc0) Importer(815301076,1909f56bfc062723c751e8b465ee728b)
Start importing Assets/character/piglet/pink-pig-plush-3xp/textures/DefaultMaterial_normal.png using Guid(952f62b39bb5f4071b5fc15e025d7fc0) Importer(815301076,1909f56bfc062723c751e8b465ee728b)  -> (artifact id: 'a9545219c93e0ea8523577cee328cd54') in 0.008950 seconds
Number of updated asset objects reloaded before import = 0
Number of asset objects unloaded after import = 2
========================================================================
Received Import Request.
  Time since last request: 249.250786 seconds.
  path: Assets/character/piglet/police-pig
  artifactKey: Guid(7236541dee6254a10b4a73c15b44078b) Importer(815301076,1909f56bfc062723c751e8b465ee728b)
Start importing Assets/character/piglet/police-pig using Guid(7236541dee6254a10b4a73c15b44078b) Importer(815301076,1909f56bfc062723c751e8b465ee728b)  -> (artifact id: '226dc85349b789819dff905584bd4c1a') in 0.001980 seconds
Number of updated asset objects reloaded before import = 0
Number of asset objects unloaded after import = 0
========================================================================
Received Import Request.
  Time since last request: 1.050455 seconds.
  path: Assets/character/piglet/police-pig/source
  artifactKey: Guid(761851558d72a4058ae071d736cd2bd7) Importer(815301076,1909f56bfc062723c751e8b465ee728b)
Start importing Assets/character/piglet/police-pig/source using Guid(761851558d72a4058ae071d736cd2bd7) Importer(815301076,1909f56bfc062723c751e8b465ee728b)  -> (artifact id: 'def50da9ae3d46904dc15200273baf7c') in 0.000620 seconds
Number of updated asset objects reloaded before import = 0
Number of asset objects unloaded after import = 0
========================================================================
Received Import Request.
  Time since last request: 0.055790 seconds.
  path: Assets/character/piglet/police-pig/source/main character bake.fbx
  artifactKey: Guid(2520779873f5345d5aeca3c6ea9bbd06) Importer(815301076,1909f56bfc062723c751e8b465ee728b)
Start importing Assets/character/piglet/police-pig/source/main character bake.fbx using Guid(2520779873f5345d5aeca3c6ea9bbd06) Importer(815301076,1909f56bfc062723c751e8b465ee728b)  -> (artifact id: '5adf6f1beacdf788656d7de99abd734c') in 0.081976 seconds
Number of updated asset objects reloaded before import = 0
Number of asset objects unloaded after import = 20
========================================================================
Received Import Request.
  Time since last request: 4.284981 seconds.
  path: Assets/character/piglet/police-pig/textures
  artifactKey: Guid(f91cdf0f69fe843f2bc8287704290d70) Importer(815301076,1909f56bfc062723c751e8b465ee728b)
Start importing Assets/character/piglet/police-pig/textures using Guid(f91cdf0f69fe843f2bc8287704290d70) Importer(815301076,1909f56bfc062723c751e8b465ee728b)  -> (artifact id: 'bd9e3f1df4507954fef8c1fd739b1315') in 0.000278 seconds
Number of updated asset objects reloaded before import = 0
Number of asset objects unloaded after import = 0
========================================================================
Received Import Request.
  Time since last request: 0.053682 seconds.
  path: Assets/character/piglet/police-pig/textures/main_character_bake_1001_BaseColor.png
  artifactKey: Guid(c05bacb98700d475fa96c833284b39d7) Importer(815301076,1909f56bfc062723c751e8b465ee728b)
Start importing Assets/character/piglet/police-pig/textures/main_character_bake_1001_BaseColor.png using Guid(c05bacb98700d475fa96c833284b39d7) Importer(815301076,1909f56bfc062723c751e8b465ee728b)  -> (artifact id: '6c8c8887913ad1d2a7597a24d097e652') in 0.025290 seconds
Number of updated asset objects reloaded before import = 0
Number of asset objects unloaded after import = 2
========================================================================
Received Import Request.
  Time since last request: 0.000179 seconds.
  path: Assets/character/piglet/police-pig/textures/main_character_bake_Displacement.tga.png
  artifactKey: Guid(7e1707158b758426594b509beeb47932) Importer(815301076,1909f56bfc062723c751e8b465ee728b)
Start importing Assets/character/piglet/police-pig/textures/main_character_bake_Displacement.tga.png using Guid(7e1707158b758426594b509beeb47932) Importer(815301076,1909f56bfc062723c751e8b465ee728b)  -> (artifact id: '5e961dc7ff8cc8cb4a394fbc97301cf3') in 0.007089 seconds
Number of updated asset objects reloaded before import = 0
Number of asset objects unloaded after import = 2
========================================================================
Received Import Request.
  Time since last request: 47.185081 seconds.
  path: Assets/character/piglet/source/main character bake.fbx
  artifactKey: Guid(d7a5e73b901a348bb95460c2b869d769) Importer(815301076,1909f56bfc062723c751e8b465ee728b)
Start importing Assets/character/piglet/source/main character bake.fbx using Guid(d7a5e73b901a348bb95460c2b869d769) Importer(815301076,1909f56bfc062723c751e8b465ee728b)  -> (artifact id: '095311365b9ac996d4ed0e3e3ca8c8d8') in 0.083578 seconds
Number of updated asset objects reloaded before import = 0
Number of asset objects unloaded after import = 20
========================================================================
Received Import Request.
  Time since last request: 121.156663 seconds.
  path: Assets/character/piglet/piglin-boy-rig
  artifactKey: Guid(9790e2791caf141a1969a6b15348a45a) Importer(815301076,1909f56bfc062723c751e8b465ee728b)
Start importing Assets/character/piglet/piglin-boy-rig using Guid(9790e2791caf141a1969a6b15348a45a) Importer(815301076,1909f56bfc062723c751e8b465ee728b)  -> (artifact id: '6b8b42c19a8482cf06185b9ea7be09b3') in 0.011958 seconds
Number of updated asset objects reloaded before import = 0
Number of asset objects unloaded after import = 0
========================================================================
Received Import Request.
  Time since last request: 0.648892 seconds.
  path: Assets/character/piglet/piglin-boy-rig/source
  artifactKey: Guid(9252ab4a2f7dd452e96f1e99d97f71cc) Importer(815301076,1909f56bfc062723c751e8b465ee728b)
Start importing Assets/character/piglet/piglin-boy-rig/source using Guid(9252ab4a2f7dd452e96f1e99d97f71cc) Importer(815301076,1909f56bfc062723c751e8b465ee728b)  -> (artifact id: 'cec26f917da6dee21ef3df8604ccd68d') in 0.000282 seconds
Number of updated asset objects reloaded before import = 0
Number of asset objects unloaded after import = 0
========================================================================
Received Import Request.
  Time since last request: 0.056226 seconds.
  path: Assets/character/piglet/piglin-boy-rig/source/beckett rig.fbx
  artifactKey: Guid(555537a74f63e46f182391566733dfd1) Importer(815301076,1909f56bfc062723c751e8b465ee728b)
Start importing Assets/character/piglet/piglin-boy-rig/source/beckett rig.fbx using Guid(555537a74f63e46f182391566733dfd1) Importer(815301076,1909f56bfc062723c751e8b465ee728b)  -> (artifact id: '13d3cda08dfcd040d03360f9f66e6b47') in 0.259505 seconds
Number of updated asset objects reloaded before import = 0
Number of asset objects unloaded after import = 90
========================================================================
Received Import Request.
  Time since last request: 569.500559 seconds.
  path: Assets/character/piglet/3d-anthropomorphic-character-mummy-pig
  artifactKey: Guid(8b9f3007acd3a46b9a3fa1daf9e19042) Importer(815301076,1909f56bfc062723c751e8b465ee728b)
Start importing Assets/character/piglet/3d-anthropomorphic-character-mummy-pig using Guid(8b9f3007acd3a46b9a3fa1daf9e19042) Importer(815301076,1909f56bfc062723c751e8b465ee728b)  -> (artifact id: 'b4a42c318d69e3072b57eb775283034b') in 0.006651 seconds
Number of updated asset objects reloaded before import = 0
Number of asset objects unloaded after import = 0
========================================================================
Received Import Request.
  Time since last request: 1.198768 seconds.
  path: Assets/character/piglet/3d-anthropomorphic-character-mummy-pig/source
  artifactKey: Guid(1977bd5e7ead04e8d9963127b16ce743) Importer(815301076,1909f56bfc062723c751e8b465ee728b)
Start importing Assets/character/piglet/3d-anthropomorphic-character-mummy-pig/source using Guid(1977bd5e7ead04e8d9963127b16ce743) Importer(815301076,1909f56bfc062723c751e8b465ee728b)  -> (artifact id: '603a314349dbdc0d88c75a4b521e3520') in 0.001254 seconds
Number of updated asset objects reloaded before import = 0
Number of asset objects unloaded after import = 0
========================================================================
Received Import Request.
  Time since last request: 1.028506 seconds.
  path: Assets/character/piglet/3d-anthropomorphic-character-mummy-pig/source/mistriess_porky.fbx
  artifactKey: Guid(bcb8c0b099f774b509cf37ee08fdd3f8) Importer(815301076,1909f56bfc062723c751e8b465ee728b)
Start importing Assets/character/piglet/3d-anthropomorphic-character-mummy-pig/source/mistriess_porky.fbx using Guid(bcb8c0b099f774b509cf37ee08fdd3f8) Importer(815301076,1909f56bfc062723c751e8b465ee728b)  -> (artifact id: '89b6835ed7b41454a0761193e29f1b64') in 0.325288 seconds
Number of updated asset objects reloaded before import = 0
Number of asset objects unloaded after import = 10
