Unity Editor version:    2022.3.8f1 (b5eafc012955)
Branch:                  2022.3/staging
Build type:              Release
Batch mode:              YES
macOS version:           Version 14.0 (Build 23A344)
Darwin version:          23.0.0
Architecture:            arm64
Running under Rosetta:   NO
Available memory:        8192 MB
Using pre-set license
Pro License: YES

COMMAND LINE ARGUMENTS:
/Applications/Unity/Hub/Editor/2022.3.8f1/Unity.app/Contents/MacOS/Unity
-adb2
-batchMode
-noUpm
-name
AssetImportWorker0
-projectPath
/Users/kwon-yechan/Documents/GitHub/AR_Interactive_Fairytales/AR_Interactive_Fairytales
-logFile
Logs/AssetImportWorker0.log
-srvPort
49828
Successfully changed project path to: /Users/kwon-yechan/Documents/GitHub/AR_Interactive_Fairytales/AR_Interactive_Fairytales
/Users/kwon-yechan/Documents/GitHub/AR_Interactive_Fairytales/AR_Interactive_Fairytales
[UnityMemory] Configuration Parameters - Can be set up in boot.config
    "memorysetup-bucket-allocator-granularity=16"
    "memorysetup-bucket-allocator-bucket-count=8"
    "memorysetup-bucket-allocator-block-size=33554432"
    "memorysetup-bucket-allocator-block-count=8"
    "memorysetup-main-allocator-block-size=16777216"
    "memorysetup-thread-allocator-block-size=16777216"
    "memorysetup-gfx-main-allocator-block-size=16777216"
    "memorysetup-gfx-thread-allocator-block-size=16777216"
    "memorysetup-cache-allocator-block-size=4194304"
    "memorysetup-typetree-allocator-block-size=2097152"
    "memorysetup-profiler-bucket-allocator-granularity=16"
    "memorysetup-profiler-bucket-allocator-bucket-count=8"
    "memorysetup-profiler-bucket-allocator-block-size=33554432"
    "memorysetup-profiler-bucket-allocator-block-count=8"
    "memorysetup-profiler-allocator-block-size=16777216"
    "memorysetup-profiler-editor-allocator-block-size=1048576"
    "memorysetup-temp-allocator-size-main=16777216"
    "memorysetup-job-temp-allocator-block-size=2097152"
    "memorysetup-job-temp-allocator-block-size-background=1048576"
    "memorysetup-job-temp-allocator-reduction-small-platforms=262144"
    "memorysetup-allocator-temp-initial-block-size-main=262144"
    "memorysetup-allocator-temp-initial-block-size-worker=262144"
    "memorysetup-temp-allocator-size-background-worker=32768"
    "memorysetup-temp-allocator-size-job-worker=262144"
    "memorysetup-temp-allocator-size-preload-manager=33554432"
    "memorysetup-temp-allocator-size-nav-mesh-worker=65536"
    "memorysetup-temp-allocator-size-audio-worker=65536"
    "memorysetup-temp-allocator-size-cloud-worker=32768"
    "memorysetup-temp-allocator-size-gi-baking-worker=262144"
    "memorysetup-temp-allocator-size-gfx=262144"
Player connection [8179421952] Host "[IP] 172.19.89.136 [Port] 0 [Flags] 2 [Guid] 1273345311 [EditorId] 1273345311 [Version] 1048832 [Id] OSXEditor(0,MacBook-Air-2.local) [Debug] 1 [PackageName] OSXEditor [ProjectName] Editor" joined multi-casting on [225.0.0.222:54997]...

Player connection [8179421952] Host "[IP] 172.19.89.136 [Port] 0 [Flags] 2 [Guid] 1273345311 [EditorId] 1273345311 [Version] 1048832 [Id] OSXEditor(0,MacBook-Air-2.local) [Debug] 1 [PackageName] OSXEditor [ProjectName] Editor" joined alternative multi-casting on [225.0.0.222:34997]...

[Physics::Module] Initialized MultithreadedJobDispatcher with 7 workers.
Refreshing native plugins compatible for Editor in 12.80 ms, found 3 plugins.
Preloading 0 native plugins for Editor in 0.00 ms.
Initialize engine version: 2022.3.8f1 (b5eafc012955)
[Subsystems] Discovering subsystems at path /Applications/Unity/Hub/Editor/2022.3.8f1/Unity.app/Contents/Resources/UnitySubsystems
[Subsystems] Discovering subsystems at path /Users/kwon-yechan/Documents/GitHub/AR_Interactive_Fairytales/AR_Interactive_Fairytales/Assets
GfxDevice: creating device client; threaded=0; jobified=0
 preferred device: Apple M1 (high power)
Metal devices available: 1
0: Apple M1 (high power)
Using device Apple M1 (high power)
Initializing Metal device caps: Apple M1
Initialize mono
Mono path[0] = '/Applications/Unity/Hub/Editor/2022.3.8f1/Unity.app/Contents/Managed'
Mono path[1] = '/Applications/Unity/Hub/Editor/2022.3.8f1/Unity.app/Contents/MonoBleedingEdge/lib/mono/unityjit-macos'
Mono config path = '/Applications/Unity/Hub/Editor/2022.3.8f1/Unity.app/Contents/MonoBleedingEdge/etc'
Using monoOptions --debugger-agent=transport=dt_socket,embedding=1,server=y,suspend=n,address=127.0.0.1:56341
Begin MonoManager ReloadAssembly
Registering precompiled unity dll's ...
Register platform support module: /Applications/Unity/Hub/Editor/2022.3.8f1/PlaybackEngines/WebGLSupport/UnityEditor.WebGL.Extensions.dll
Register platform support module: /Applications/Unity/Hub/Editor/2022.3.8f1/Unity.app/Contents/PlaybackEngines/MacStandaloneSupport/UnityEditor.OSXStandalone.Extensions.dll
Register platform support module: /Applications/Unity/Hub/Editor/2022.3.8f1/PlaybackEngines/AndroidPlayer/UnityEditor.Android.Extensions.dll
Registered in 0.001231 seconds.
- Loaded All Assemblies, in  0.332 seconds
Native extension for Android target not found
Android Extension - Scanning For ADB Devices 143 ms
Native extension for OSXStandalone target not found
Native extension for WebGL target not found
Mono: successfully reloaded assembly
- Finished resetting the current domain, in  0.373 seconds
Domain Reload Profiling: 705ms
	BeginReloadAssembly (127ms)
		ExecutionOrderSort (0ms)
		DisableScriptedObjects (0ms)
		BackupInstance (0ms)
		ReleaseScriptingObjects (0ms)
		CreateAndSetChildDomain (1ms)
	RebuildCommonClasses (32ms)
	RebuildNativeTypeToScriptingClass (9ms)
	initialDomainReloadingComplete (35ms)
	LoadAllAssembliesAndSetupDomain (128ms)
		LoadAssemblies (127ms)
		RebuildTransferFunctionScriptingTraits (0ms)
		AnalyzeDomain (126ms)
			TypeCache.Refresh (125ms)
				TypeCache.ScanAssembly (114ms)
			ScanForSourceGeneratedMonoScriptInfo (0ms)
			ResolveRequiredComponents (0ms)
	FinalizeReload (373ms)
		ReleaseScriptCaches (0ms)
		RebuildScriptCaches (0ms)
		SetupLoadedEditorAssemblies (324ms)
			LogAssemblyErrors (0ms)
			InitializePlatformSupportModulesInManaged (220ms)
			SetLoadedEditorAssemblies (3ms)
			RefreshPlugins (0ms)
			BeforeProcessingInitializeOnLoad (2ms)
			ProcessInitializeOnLoadAttributes (68ms)
			ProcessInitializeOnLoadMethodAttributes (31ms)
			AfterProcessingInitializeOnLoad (0ms)
			EditorAssembliesLoaded (0ms)
		ExecutionOrderSort2 (0ms)
		AwakeInstancesAfterBackupRestoration (0ms)
========================================================================
Worker process is ready to serve import requests
Begin MonoManager ReloadAssembly
- Loaded All Assemblies, in  0.542 seconds
Refreshing native plugins compatible for Editor in 1.53 ms, found 3 plugins.
Native extension for Android target not found
Native extension for OSXStandalone target not found
Native extension for WebGL target not found
Package Manager log level set to [2]
[Package Manager] Server::EnsureServerProcessIsRunning -- launch failed, reason: Unity was launched with the -noUpm command-line argument
[Package Manager] UpmClient::Send -- Unable to send message (not connected to UPM process).
[Package Manager] Cannot connect to Unity Package Manager local server
[Package Manager] Server::EnsureServerProcessIsRunning -- launch failed, reason: Unity was launched with the -noUpm command-line argument
[Package Manager] UpmClient::Send -- Unable to send message (not connected to UPM process).
[Package Manager] Cannot connect to Unity Package Manager local server
Mono: successfully reloaded assembly
[Package Manager] Server::EnsureServerProcessIsRunning -- launch failed, reason: Unity was launched with the -noUpm command-line argument
[Package Manager] UpmClient::Send -- Unable to send message (not connected to UPM process).
[Package Manager] Cannot connect to Unity Package Manager local server
[Package Manager] Server::EnsureServerProcessIsRunning -- launch failed, reason: Unity was launched with the -noUpm command-line argument
[Package Manager] UpmClient::Send -- Unable to send message (not connected to UPM process).
[Package Manager] Cannot connect to Unity Package Manager local server
- Finished resetting the current domain, in  0.512 seconds
Domain Reload Profiling: 1055ms
	BeginReloadAssembly (94ms)
		ExecutionOrderSort (0ms)
		DisableScriptedObjects (3ms)
		BackupInstance (0ms)
		ReleaseScriptingObjects (0ms)
		CreateAndSetChildDomain (24ms)
	RebuildCommonClasses (30ms)
	RebuildNativeTypeToScriptingClass (9ms)
	initialDomainReloadingComplete (26ms)
	LoadAllAssembliesAndSetupDomain (384ms)
		LoadAssemblies (218ms)
		RebuildTransferFunctionScriptingTraits (0ms)
		AnalyzeDomain (203ms)
			TypeCache.Refresh (183ms)
				TypeCache.ScanAssembly (155ms)
			ScanForSourceGeneratedMonoScriptInfo (15ms)
			ResolveRequiredComponents (4ms)
	FinalizeReload (513ms)
		ReleaseScriptCaches (0ms)
		RebuildScriptCaches (0ms)
		SetupLoadedEditorAssemblies (370ms)
			LogAssemblyErrors (0ms)
			InitializePlatformSupportModulesInManaged (18ms)
			SetLoadedEditorAssemblies (4ms)
			RefreshPlugins (0ms)
			BeforeProcessingInitializeOnLoad (83ms)
			ProcessInitializeOnLoadAttributes (237ms)
			ProcessInitializeOnLoadMethodAttributes (29ms)
			AfterProcessingInitializeOnLoad (1ms)
			EditorAssembliesLoaded (0ms)
		ExecutionOrderSort2 (0ms)
		AwakeInstancesAfterBackupRestoration (3ms)
Launching external process: /Applications/Unity/Hub/Editor/2022.3.8f1/Unity.app/Contents/Tools/UnityShaderCompiler
Launched and connected shader compiler UnityShaderCompiler after 0.07 seconds
Refreshing native plugins compatible for Editor in 1.30 ms, found 3 plugins.
Preloading 0 native plugins for Editor in 0.00 ms.
Unloading 4229 Unused Serialized files (Serialized files now loaded: 0)
Unloading 55 unused Assets / (1.5 MB). Loaded Objects now: 4688.
Memory consumption went from 160.5 MB to 159.0 MB.
Total: 4.135417 ms (FindLiveObjects: 0.171041 ms CreateObjectMapping: 0.055750 ms MarkObjects: 3.401042 ms  DeleteObjects: 0.507125 ms)

AssetImportParameters requested are different than current active one (requested -> active):
  custom:container-demuxer-ogg: 62fdf1f143b41e24485cea50d1cbac27 -> 
  custom:video-decoder-ogg-theora: a1e56fd34408186e4bbccfd4996cb3dc -> 
  custom:CustomObjectIndexerAttribute: 756ad292c208cfabdd7b50bc23989ffe -> 
  custom:container-demuxer-webm: 4f35f7cbe854078d1ac9338744f61a02 -> 
  custom:container-muxer-webm: aa71ff27fc2769a1b78a27578f13a17b -> 
  custom:video-decoder-webm-vp8: 9c59270c3fd7afecdb556c50c9e8de78 -> 
  custom:SearchIndexIgnoredProperties: e643bd26f0fe6173181afceb89e7c659 -> 
  custom:AudioImporter_EditorPlatform: 3918e3fc78b5a79bad01e8451be0beb8 -> 
  custom:framework-osx-AVFoundation: e770b220cccbd017edd2c1fefb359320 -> 
  custom:video-encoder-webm-vp8: eb34c28f22e8b96e1ab97ce403110664 -> 
  custom:audio-decoder-ogg-vorbis: bf7c407c2cedff20999df2af8eb42d56 -> 
  custom:audio-encoder-webm-vorbis: bf7c407c2cedff20999df2af8eb42d56 -> 
========================================================================
Received Import Request.
  Time since last request: 461228.602529 seconds.
  path: Assets/kenney_graveyard-kit/Models
  artifactKey: Guid(6a50f0ed1a733487eab7d32c4cb33360) Importer(815301076,1909f56bfc062723c751e8b465ee728b)
Start importing Assets/kenney_graveyard-kit/Models using Guid(6a50f0ed1a733487eab7d32c4cb33360) Importer(815301076,1909f56bfc062723c751e8b465ee728b)  -> (artifact id: 'f04315946e4f76c25a38c751b3b7ccc6') in 0.002688 seconds
Number of updated asset objects reloaded before import = 0
Number of asset objects unloaded after import = 0
========================================================================
Received Import Request.
  Time since last request: 0.000177 seconds.
  path: Assets/kenney_graveyard-kit
  artifactKey: Guid(6a86bee7d8904499c9b2e9255fb5db8d) Importer(815301076,1909f56bfc062723c751e8b465ee728b)
Start importing Assets/kenney_graveyard-kit using Guid(6a86bee7d8904499c9b2e9255fb5db8d) Importer(815301076,1909f56bfc062723c751e8b465ee728b)  -> (artifact id: 'c1c55cd3682a8653cebbc9764a68e38c') in 0.000233 seconds
Number of updated asset objects reloaded before import = 0
Number of asset objects unloaded after import = 0
========================================================================
Received Import Request.
  Time since last request: 0.000115 seconds.
  path: Assets/kenney_graveyard-kit/Preview.png
  artifactKey: Guid(0f94d366696cf4a80bae1c7f6f83efd4) Importer(815301076,1909f56bfc062723c751e8b465ee728b)
Start importing Assets/kenney_graveyard-kit/Preview.png using Guid(0f94d366696cf4a80bae1c7f6f83efd4) Importer(815301076,1909f56bfc062723c751e8b465ee728b)  -> (artifact id: 'c4a1dad6182ff2f85739a7fcdca061a0') in 0.273634 seconds
Number of updated asset objects reloaded before import = 0
Number of asset objects unloaded after import = 2
========================================================================
Received Import Request.
  Time since last request: 0.957096 seconds.
  path: Assets/kenney_graveyard-kit/Models/FBX format/altar-stone.fbx
  artifactKey: Guid(e18a6e045d22c4b00a84fd9fffa852b4) Importer(815301076,1909f56bfc062723c751e8b465ee728b)
Start importing Assets/kenney_graveyard-kit/Models/FBX format/altar-stone.fbx using Guid(e18a6e045d22c4b00a84fd9fffa852b4) Importer(815301076,1909f56bfc062723c751e8b465ee728b)  -> (artifact id: 'd6015bc5b84014560b2babbf8c0681e0') in 0.237820 seconds
Number of updated asset objects reloaded before import = 0
Number of asset objects unloaded after import = 9
========================================================================
Received Import Request.
  Time since last request: 0.000048 seconds.
  path: Assets/kenney_graveyard-kit/Models/FBX format/brick-wall-curve.fbx
  artifactKey: Guid(ae6aee8bfc121420c9d509c1b113005b) Importer(815301076,1909f56bfc062723c751e8b465ee728b)
Start importing Assets/kenney_graveyard-kit/Models/FBX format/brick-wall-curve.fbx using Guid(ae6aee8bfc121420c9d509c1b113005b) Importer(815301076,1909f56bfc062723c751e8b465ee728b)  -> (artifact id: '686473477399d994353a1e714ff15f39') in 0.012993 seconds
Number of updated asset objects reloaded before import = 0
Number of asset objects unloaded after import = 9
========================================================================
Received Import Request.
  Time since last request: 0.000276 seconds.
  path: Assets/kenney_graveyard-kit/Models/FBX format/bench-damaged.fbx
  artifactKey: Guid(d9f1dfb7f98574c238d55513b37659d2) Importer(815301076,1909f56bfc062723c751e8b465ee728b)
Start importing Assets/kenney_graveyard-kit/Models/FBX format/bench-damaged.fbx using Guid(d9f1dfb7f98574c238d55513b37659d2) Importer(815301076,1909f56bfc062723c751e8b465ee728b)  -> (artifact id: 'b47b121b1089a0479d7f2f7bd124bcb9') in 0.020413 seconds
Number of updated asset objects reloaded before import = 0
Number of asset objects unloaded after import = 9
========================================================================
Received Import Request.
  Time since last request: 0.000469 seconds.
  path: Assets/kenney_graveyard-kit/Models/FBX format/bench.fbx
  artifactKey: Guid(2149b4c100d4e4ba3849977a923f51cb) Importer(815301076,1909f56bfc062723c751e8b465ee728b)
Start importing Assets/kenney_graveyard-kit/Models/FBX format/bench.fbx using Guid(2149b4c100d4e4ba3849977a923f51cb) Importer(815301076,1909f56bfc062723c751e8b465ee728b)  -> (artifact id: '48d172b415c1fadea9d168a2b49dfe98') in 0.022468 seconds
Number of updated asset objects reloaded before import = 0
Number of asset objects unloaded after import = 9
========================================================================
Received Import Request.
  Time since last request: 0.000314 seconds.
  path: Assets/kenney_graveyard-kit/Models/FBX format/brick-wall-end.fbx
  artifactKey: Guid(781342acf890e4cbdae8ab48338d8f35) Importer(815301076,1909f56bfc062723c751e8b465ee728b)
Start importing Assets/kenney_graveyard-kit/Models/FBX format/brick-wall-end.fbx using Guid(781342acf890e4cbdae8ab48338d8f35) Importer(815301076,1909f56bfc062723c751e8b465ee728b)  -> (artifact id: '3d01ba11252436c1e82c8884b723493b') in 0.012429 seconds
Number of updated asset objects reloaded before import = 0
Number of asset objects unloaded after import = 9
========================================================================
Received Import Request.
  Time since last request: 0.000048 seconds.
  path: Assets/kenney_graveyard-kit/Models/FBX format/candle.fbx
  artifactKey: Guid(5a9ef3a9a0f094d16b297499501f7270) Importer(815301076,1909f56bfc062723c751e8b465ee728b)
Start importing Assets/kenney_graveyard-kit/Models/FBX format/candle.fbx using Guid(5a9ef3a9a0f094d16b297499501f7270) Importer(815301076,1909f56bfc062723c751e8b465ee728b)  -> (artifact id: 'b0685b0fc69e0a8344696b7438b5d21d') in 0.012159 seconds
Number of updated asset objects reloaded before import = 0
Number of asset objects unloaded after import = 9
========================================================================
Received Import Request.
  Time since last request: 0.000037 seconds.
  path: Assets/kenney_graveyard-kit/Models/FBX format/border-pillar.fbx
  artifactKey: Guid(e7d0ae11fe93f4ac08187a84cbcf11ce) Importer(815301076,1909f56bfc062723c751e8b465ee728b)
Start importing Assets/kenney_graveyard-kit/Models/FBX format/border-pillar.fbx using Guid(e7d0ae11fe93f4ac08187a84cbcf11ce) Importer(815301076,1909f56bfc062723c751e8b465ee728b)  -> (artifact id: 'dc5a11a9beffc267538dfe006f2e14f5') in 0.012515 seconds
Number of updated asset objects reloaded before import = 0
Number of asset objects unloaded after import = 9
========================================================================
Received Import Request.
  Time since last request: 0.000038 seconds.
  path: Assets/kenney_graveyard-kit/Models/FBX format/brick-wall-curve-small.fbx
  artifactKey: Guid(fa81c0c247b3c41388d996eaa1816ef5) Importer(815301076,1909f56bfc062723c751e8b465ee728b)
Start importing Assets/kenney_graveyard-kit/Models/FBX format/brick-wall-curve-small.fbx using Guid(fa81c0c247b3c41388d996eaa1816ef5) Importer(815301076,1909f56bfc062723c751e8b465ee728b)  -> (artifact id: 'c236df3ee2847e65031525f6c79dcfe5') in 0.011635 seconds
Number of updated asset objects reloaded before import = 0
Number of asset objects unloaded after import = 9
========================================================================
Received Import Request.
  Time since last request: 66.615983 seconds.
  path: Assets/kenney_graveyard-kit/Models/FBX format/character-ghost.fbx
  artifactKey: Guid(2127899ea6b9c44619d7b287d8d2f19a) Importer(815301076,1909f56bfc062723c751e8b465ee728b)
Start importing Assets/kenney_graveyard-kit/Models/FBX format/character-ghost.fbx using Guid(2127899ea6b9c44619d7b287d8d2f19a) Importer(815301076,1909f56bfc062723c751e8b465ee728b)  -> (artifact id: '7ec8f9b5e13ea8437ac888baefbba27f') in 0.053719 seconds
Number of updated asset objects reloaded before import = 0
Number of asset objects unloaded after import = 48
========================================================================
Received Import Request.
  Time since last request: 0.478907 seconds.
  path: Assets/kenney_graveyard-kit/Models/FBX format/character-skeleton.fbx
  artifactKey: Guid(974a8659394fd44d1a0bae3cfa8867c5) Importer(815301076,1909f56bfc062723c751e8b465ee728b)
Start importing Assets/kenney_graveyard-kit/Models/FBX format/character-skeleton.fbx using Guid(974a8659394fd44d1a0bae3cfa8867c5) Importer(815301076,1909f56bfc062723c751e8b465ee728b)  -> (artifact id: 'dffd6f42a5519e0579dd73465fbf3051') in 0.054728 seconds
Number of updated asset objects reloaded before import = 0
Number of asset objects unloaded after import = 63
========================================================================
Received Import Request.
  Time since last request: 0.000044 seconds.
  path: Assets/kenney_graveyard-kit/Models/FBX format/character-zombie.fbx
  artifactKey: Guid(e97e57595dc1f4a8db646458c22a3844) Importer(815301076,1909f56bfc062723c751e8b465ee728b)
Start importing Assets/kenney_graveyard-kit/Models/FBX format/character-zombie.fbx using Guid(e97e57595dc1f4a8db646458c22a3844) Importer(815301076,1909f56bfc062723c751e8b465ee728b)  -> (artifact id: '3dda7cd2d3ade13c848ee1a77d72ef0e') in 0.041583 seconds
Number of updated asset objects reloaded before import = 0
Number of asset objects unloaded after import = 63
========================================================================
Received Import Request.
  Time since last request: 0.385731 seconds.
  path: Assets/kenney_graveyard-kit/Models/FBX format/coffin.fbx
  artifactKey: Guid(7daddae01cda04c5bbb724ecfd6c2a0d) Importer(815301076,1909f56bfc062723c751e8b465ee728b)
Start importing Assets/kenney_graveyard-kit/Models/FBX format/coffin.fbx using Guid(7daddae01cda04c5bbb724ecfd6c2a0d) Importer(815301076,1909f56bfc062723c751e8b465ee728b)  -> (artifact id: 'd24eb91b241f257c2f19c3eda6882849') in 0.025440 seconds
Number of updated asset objects reloaded before import = 0
Number of asset objects unloaded after import = 14
========================================================================
Received Import Request.
  Time since last request: 0.412228 seconds.
  path: Assets/kenney_graveyard-kit/Models/FBX format/coffin-old.fbx
  artifactKey: Guid(de10c9e67fbbc4d5da25f3edebf40be0) Importer(815301076,1909f56bfc062723c751e8b465ee728b)
Start importing Assets/kenney_graveyard-kit/Models/FBX format/coffin-old.fbx using Guid(de10c9e67fbbc4d5da25f3edebf40be0) Importer(815301076,1909f56bfc062723c751e8b465ee728b)  -> (artifact id: '262145e672f714930839d215930a11d2') in 0.017144 seconds
Number of updated asset objects reloaded before import = 0
Number of asset objects unloaded after import = 9
========================================================================
Received Import Request.
  Time since last request: 0.000257 seconds.
  path: Assets/kenney_graveyard-kit/Models/FBX format/cross.fbx
  artifactKey: Guid(f45023a8259094589a8c4949ba62aecf) Importer(815301076,1909f56bfc062723c751e8b465ee728b)
Start importing Assets/kenney_graveyard-kit/Models/FBX format/cross.fbx using Guid(f45023a8259094589a8c4949ba62aecf) Importer(815301076,1909f56bfc062723c751e8b465ee728b)  -> (artifact id: 'bfa0dda87a32bc4a042e929aeef485fd') in 0.015091 seconds
Number of updated asset objects reloaded before import = 0
Number of asset objects unloaded after import = 9
========================================================================
Received Import Request.
  Time since last request: 0.004139 seconds.
  path: Assets/kenney_graveyard-kit/Models/FBX format/cross-wood.fbx
  artifactKey: Guid(14ae158bcaeb64809a5194b6db5bb120) Importer(815301076,1909f56bfc062723c751e8b465ee728b)
Start importing Assets/kenney_graveyard-kit/Models/FBX format/cross-wood.fbx using Guid(14ae158bcaeb64809a5194b6db5bb120) Importer(815301076,1909f56bfc062723c751e8b465ee728b)  -> (artifact id: '5dc9c527b3f26a782b5230d00cac9c54') in 0.013481 seconds
Number of updated asset objects reloaded before import = 0
Number of asset objects unloaded after import = 9
========================================================================
Received Import Request.
  Time since last request: 0.382470 seconds.
  path: Assets/kenney_graveyard-kit/Models/FBX format/crypt.fbx
  artifactKey: Guid(8ccb1ab5d740342679c4bc91a4ce51a8) Importer(815301076,1909f56bfc062723c751e8b465ee728b)
Start importing Assets/kenney_graveyard-kit/Models/FBX format/crypt.fbx using Guid(8ccb1ab5d740342679c4bc91a4ce51a8) Importer(815301076,1909f56bfc062723c751e8b465ee728b)  -> (artifact id: '927da0d887071cd544d50359524d1376') in 0.019137 seconds
Number of updated asset objects reloaded before import = 0
Number of asset objects unloaded after import = 9
========================================================================
Received Import Request.
  Time since last request: 0.049483 seconds.
  path: Assets/kenney_graveyard-kit/Models/FBX format/crypt-large.fbx
  artifactKey: Guid(03432457c79f94c1a9d8aa7c7df84e2b) Importer(815301076,1909f56bfc062723c751e8b465ee728b)
Start importing Assets/kenney_graveyard-kit/Models/FBX format/crypt-large.fbx using Guid(03432457c79f94c1a9d8aa7c7df84e2b) Importer(815301076,1909f56bfc062723c751e8b465ee728b)  -> (artifact id: 'ed133ee85881cc5506d04a9f61593a2a') in 0.012760 seconds
Number of updated asset objects reloaded before import = 0
Number of asset objects unloaded after import = 9
========================================================================
Received Import Request.
  Time since last request: 9.621235 seconds.
  path: Assets/Scenes
  artifactKey: Guid(69d91877d157443188cb632772794713) Importer(815301076,1909f56bfc062723c751e8b465ee728b)
Start importing Assets/Scenes using Guid(69d91877d157443188cb632772794713) Importer(815301076,1909f56bfc062723c751e8b465ee728b)  -> (artifact id: '9ec9ce7f0f67b2364e11e6350ecf042f') in 0.000529 seconds
Number of updated asset objects reloaded before import = 0
Number of asset objects unloaded after import = 0
========================================================================
Received Import Request.
  Time since last request: 1.688402 seconds.
  path: Assets/XR
  artifactKey: Guid(12752788aac684179b2ad80d3beee423) Importer(815301076,1909f56bfc062723c751e8b465ee728b)
Start importing Assets/XR using Guid(12752788aac684179b2ad80d3beee423) Importer(815301076,1909f56bfc062723c751e8b465ee728b)  -> (artifact id: '945dc6ee7f141c133c96198ff49a74d7') in 0.000438 seconds
Number of updated asset objects reloaded before import = 0
Number of asset objects unloaded after import = 0
========================================================================
Received Import Request.
  Time since last request: 0.045801 seconds.
  path: Assets/XR/XRGeneralSettingsPerBuildTarget.asset
  artifactKey: Guid(87a60e28c36f4417581996f26210f0a4) Importer(815301076,1909f56bfc062723c751e8b465ee728b)
Start importing Assets/XR/XRGeneralSettingsPerBuildTarget.asset using Guid(87a60e28c36f4417581996f26210f0a4) Importer(815301076,1909f56bfc062723c751e8b465ee728b)  -> (artifact id: 'c74d3f7b91770d749294b67a02e1f1db') in 0.000964 seconds
Number of updated asset objects reloaded before import = 0
Number of asset objects unloaded after import = 0
